#
# There is insufficient memory for the Java Runtime Environment to continue.
# Native memory allocation (malloc) failed to allocate 1066096 bytes for Chunk::new
# Possible reasons:
#   The system is out of physical RAM or swap space
#   The process is running with CompressedOops enabled, and the Java Heap may be blocking the growth of the native heap
# Possible solutions:
#   Reduce memory load on the system
#   Increase physical memory or swap space
#   Check if swap backing store is full
#   Decrease Java heap size (-Xmx/-Xms)
#   Decrease number of Java threads
#   Decrease Java thread stack sizes (-Xss)
#   Set larger code cache with -XX:ReservedCodeCacheSize=
#   JVM is running with Unscaled Compressed Oops mode in which the Java heap is
#     placed in the first 4GB address space. The Java Heap base address is the
#     maximum limit for the native heap growth. Please use -XX:HeapBaseMinAddress
#     to set the Java Heap base and to place the Java Heap above 4GB virtual address.
# This output file may be truncated or incomplete.
#
#  Out of Memory Error (allocation.cpp:389), pid=7356, tid=0x0000000000004728
#
# JRE version: OpenJDK Runtime Environment (8.0_242-b01) (build 1.8.0_242-release-1644-b01)
# Java VM: OpenJDK 64-Bit Server VM (25.242-b01 mixed mode windows-amd64 compressed oops)
# Failed to write core dump. Minidumps are not enabled by default on client versions of Windows
#

---------------  T H R E A D  ---------------

Current thread (0x0000000019bc7000):  JavaThread "C2 CompilerThread2" daemon [_thread_in_native, id=18216, stack(0x000000001a690000,0x000000001a790000)]

Stack: [0x000000001a690000,0x000000001a790000]
[error occurred during error reporting (printing stack bounds), id 0xc0000005]

Native frames: (J=compiled Java code, j=interpreted, Vv=VM code, C=native code)


Current CompileTask:
C2:12187523 17805   !   4       java.nio.file.Files::walkFileTree (355 bytes)


---------------  P R O C E S S  ---------------

Java Threads: ( => current thread )
  0x0000000020309800 JavaThread "Cache worker for execution history cache (C:\Users\laksh\AndroidStudioProjects\onAIR\.gradle\6.5\executionHistory)" [_thread_blocked, id=6872, stack(0x000000002d440000,0x000000002d540000)]
  0x0000000020307800 JavaThread "Execution worker for ':' Thread 7" [_thread_blocked, id=26204, stack(0x000000002d340000,0x000000002d440000)]
  0x0000000020309000 JavaThread "Execution worker for ':' Thread 6" [_thread_blocked, id=3756, stack(0x000000002cc40000,0x000000002cd40000)]
  0x0000000020306800 JavaThread "Execution worker for ':' Thread 5" [_thread_blocked, id=20008, stack(0x000000002c840000,0x000000002c940000)]
  0x0000000020305000 JavaThread "Execution worker for ':' Thread 4" [_thread_blocked, id=14476, stack(0x000000002c740000,0x000000002c840000)]
  0x00000000202fc000 JavaThread "Execution worker for ':' Thread 3" [_thread_blocked, id=4292, stack(0x000000002c240000,0x000000002c340000)]
  0x00000000202fb000 JavaThread "Execution worker for ':' Thread 2" [_thread_in_Java, id=24932, stack(0x000000002c140000,0x000000002c240000)]
  0x00000000202fd800 JavaThread "Execution worker for ':'" [_thread_blocked, id=28272, stack(0x000000002b940000,0x000000002ba40000)]
  0x0000000020302000 JavaThread "Cache worker for file content cache (C:\Users\laksh\AndroidStudioProjects\onAIR\.gradle\6.5\fileContent)" [_thread_blocked, id=10248, stack(0x000000002b240000,0x000000002b340000)]
  0x0000000020301000 JavaThread "Cache worker for Build Output Cleanup Cache (C:\Users\laksh\AndroidStudioProjects\onAIR\.gradle\buildOutputCleanup)" [_thread_blocked, id=20200, stack(0x00000000298d0000,0x00000000299d0000)]
  0x0000000020300800 JavaThread "jar transforms Thread 460" [_thread_blocked, id=27680, stack(0x0000000028ab0000,0x0000000028bb0000)]
  0x000000001f03f800 JavaThread "jar transforms Thread 459" [_thread_blocked, id=12484, stack(0x00000000287b0000,0x00000000288b0000)]
  0x000000001f03e800 JavaThread "jar transforms Thread 458" [_thread_blocked, id=30368, stack(0x00000000286b0000,0x00000000287b0000)]
  0x000000001f03e000 JavaThread "jar transforms Thread 457" [_thread_blocked, id=25864, stack(0x00000000285b0000,0x00000000286b0000)]
  0x000000001f03d000 JavaThread "jar transforms Thread 456" [_thread_blocked, id=21308, stack(0x00000000284b0000,0x00000000285b0000)]
  0x000000001f035800 JavaThread "jar transforms Thread 455" [_thread_blocked, id=22560, stack(0x00000000283b0000,0x00000000284b0000)]
  0x000000001f035000 JavaThread "jar transforms Thread 454" [_thread_blocked, id=18976, stack(0x00000000282b0000,0x00000000283b0000)]
  0x000000001f03b800 JavaThread "jar transforms Thread 453" [_thread_blocked, id=14444, stack(0x00000000281b0000,0x00000000282b0000)]
  0x000000001f036800 JavaThread "jar transforms Thread 452" [_thread_blocked, id=19748, stack(0x00000000280b0000,0x00000000281b0000)]
  0x000000001f03b000 JavaThread "jar transforms Thread 451" [_thread_blocked, id=7736, stack(0x0000000027fb0000,0x00000000280b0000)]
  0x000000001f032800 JavaThread "jar transforms Thread 450" [_thread_blocked, id=16872, stack(0x0000000027eb0000,0x0000000027fb0000)]
  0x000000001f038800 JavaThread "jar transforms Thread 449" [_thread_blocked, id=20476, stack(0x0000000027db0000,0x0000000027eb0000)]
  0x000000001f031000 JavaThread "jar transforms Thread 448" [_thread_blocked, id=19936, stack(0x0000000027cb0000,0x0000000027db0000)]
  0x000000001f034000 JavaThread "jar transforms Thread 447" [_thread_blocked, id=22860, stack(0x0000000027bb0000,0x0000000027cb0000)]
  0x000000001f038000 JavaThread "jar transforms Thread 446" [_thread_blocked, id=16980, stack(0x0000000027ab0000,0x0000000027bb0000)]
  0x000000001f030800 JavaThread "jar transforms Thread 445" [_thread_blocked, id=26096, stack(0x00000000279b0000,0x0000000027ab0000)]
  0x000000001f037000 JavaThread "jar transforms Thread 444" [_thread_blocked, id=15524, stack(0x00000000278b0000,0x00000000279b0000)]
  0x000000001f032000 JavaThread "jar transforms Thread 443" [_thread_blocked, id=6324, stack(0x00000000277b0000,0x00000000278b0000)]
  0x000000001d160800 JavaThread "jar transforms Thread 442" [_thread_blocked, id=14092, stack(0x00000000276b0000,0x00000000277b0000)]
  0x000000001d15f800 JavaThread "jar transforms Thread 441" [_thread_blocked, id=17320, stack(0x00000000275b0000,0x00000000276b0000)]
  0x000000001d15f000 JavaThread "jar transforms Thread 440" [_thread_blocked, id=2060, stack(0x00000000274b0000,0x00000000275b0000)]
  0x000000001d15e000 JavaThread "jar transforms Thread 439" [_thread_blocked, id=29740, stack(0x00000000273b0000,0x00000000274b0000)]
  0x000000001d15d800 JavaThread "jar transforms Thread 438" [_thread_blocked, id=9808, stack(0x00000000272b0000,0x00000000273b0000)]
  0x000000001d15c000 JavaThread "jar transforms Thread 437" [_thread_blocked, id=31540, stack(0x00000000271b0000,0x00000000272b0000)]
  0x000000001d153800 JavaThread "jar transforms Thread 436" [_thread_blocked, id=18600, stack(0x00000000270b0000,0x00000000271b0000)]
  0x000000001d15a800 JavaThread "jar transforms Thread 435" [_thread_blocked, id=23432, stack(0x0000000026fb0000,0x00000000270b0000)]
  0x000000001d153000 JavaThread "jar transforms Thread 434" [_thread_blocked, id=10660, stack(0x0000000026eb0000,0x0000000026fb0000)]
  0x000000001d159800 JavaThread "jar transforms Thread 433" [_thread_blocked, id=18192, stack(0x0000000026db0000,0x0000000026eb0000)]
  0x000000001d157800 JavaThread "jar transforms Thread 432" [_thread_blocked, id=28808, stack(0x0000000026cb0000,0x0000000026db0000)]
  0x000000001d154800 JavaThread "jar transforms Thread 431" [_thread_blocked, id=26044, stack(0x0000000026bb0000,0x0000000026cb0000)]
  0x000000001d152000 JavaThread "jar transforms Thread 430" [_thread_blocked, id=27228, stack(0x0000000026ab0000,0x0000000026bb0000)]
  0x000000001d156800 JavaThread "jar transforms Thread 429" [_thread_blocked, id=4356, stack(0x00000000269b0000,0x0000000026ab0000)]
  0x000000001d158000 JavaThread "jar transforms Thread 428" [_thread_blocked, id=28736, stack(0x00000000268b0000,0x00000000269b0000)]
  0x000000001d156000 JavaThread "jar transforms Thread 427" [_thread_blocked, id=27208, stack(0x00000000267b0000,0x00000000268b0000)]
  0x000000001d159000 JavaThread "jar transforms Thread 426" [_thread_blocked, id=7136, stack(0x00000000266b0000,0x00000000267b0000)]
  0x000000001d155000 JavaThread "jar transforms Thread 425" [_thread_blocked, id=18312, stack(0x00000000265b0000,0x00000000266b0000)]
  0x000000002ae2b800 JavaThread "jar transforms Thread 424" [_thread_blocked, id=26296, stack(0x00000000264b0000,0x00000000265b0000)]
  0x000000002ae2a800 JavaThread "jar transforms Thread 423" [_thread_blocked, id=28820, stack(0x00000000263b0000,0x00000000264b0000)]
  0x000000002ae2a000 JavaThread "jar transforms Thread 422" [_thread_blocked, id=26092, stack(0x00000000262b0000,0x00000000263b0000)]
  0x000000002ae29000 JavaThread "jar transforms Thread 421" [_thread_blocked, id=12924, stack(0x00000000261b0000,0x00000000262b0000)]
  0x000000002ae28800 JavaThread "jar transforms Thread 420" [_thread_blocked, id=31348, stack(0x00000000260b0000,0x00000000261b0000)]
  0x000000002ae2c000 JavaThread "jar transforms Thread 419" [_thread_blocked, id=30912, stack(0x0000000025fb0000,0x00000000260b0000)]
  0x000000002ae27800 JavaThread "jar transforms Thread 418" [_thread_blocked, id=27292, stack(0x0000000025eb0000,0x0000000025fb0000)]
  0x000000002ae20000 JavaThread "jar transforms Thread 417" [_thread_blocked, id=15108, stack(0x0000000025db0000,0x0000000025eb0000)]
  0x000000002ae26000 JavaThread "jar transforms Thread 416" [_thread_blocked, id=1348, stack(0x0000000025cb0000,0x0000000025db0000)]
  0x000000002ae25800 JavaThread "jar transforms Thread 415" [_thread_blocked, id=7220, stack(0x0000000025bb0000,0x0000000025cb0000)]
  0x000000002ae24800 JavaThread "jar transforms Thread 414" [_thread_blocked, id=29496, stack(0x0000000025ab0000,0x0000000025bb0000)]
  0x000000002ae24000 JavaThread "jar transforms Thread 413" [_thread_blocked, id=4324, stack(0x00000000259b0000,0x0000000025ab0000)]
  0x000000002ae27000 JavaThread "jar transforms Thread 412" [_thread_blocked, id=9252, stack(0x00000000258b0000,0x00000000259b0000)]
  0x000000002ae22800 JavaThread "jar transforms Thread 411" [_thread_blocked, id=18160, stack(0x00000000257b0000,0x00000000258b0000)]
  0x000000002ae1d000 JavaThread "jar transforms Thread 410" [_thread_blocked, id=5104, stack(0x00000000256b0000,0x00000000257b0000)]
  0x000000002ae1f800 JavaThread "jar transforms Thread 409" [_thread_blocked, id=22600, stack(0x00000000255b0000,0x00000000256b0000)]
  0x000000002ae21800 JavaThread "jar transforms Thread 408" [_thread_blocked, id=2664, stack(0x00000000254b0000,0x00000000255b0000)]
  0x000000002ae1e000 JavaThread "jar transforms Thread 407" [_thread_blocked, id=11100, stack(0x00000000253b0000,0x00000000254b0000)]
  0x000000002ae23000 JavaThread "jar transforms Thread 406" [_thread_blocked, id=28724, stack(0x00000000252b0000,0x00000000253b0000)]
  0x000000001d173000 JavaThread "jar transforms Thread 405" [_thread_blocked, id=10276, stack(0x00000000251b0000,0x00000000252b0000)]
  0x000000001d172800 JavaThread "jar transforms Thread 404" [_thread_blocked, id=3212, stack(0x00000000250b0000,0x00000000251b0000)]
  0x000000001d171800 JavaThread "jar transforms Thread 403" [_thread_blocked, id=11924, stack(0x0000000024fb0000,0x00000000250b0000)]
  0x000000001d171000 JavaThread "jar transforms Thread 402" [_thread_blocked, id=17824, stack(0x0000000024eb0000,0x0000000024fb0000)]
  0x000000001d16e800 JavaThread "jar transforms Thread 401" [_thread_blocked, id=21296, stack(0x0000000024db0000,0x0000000024eb0000)]
  0x000000001d16e000 JavaThread "jar transforms Thread 400" [_thread_blocked, id=30000, stack(0x0000000024cb0000,0x0000000024db0000)]
  0x000000001d170000 JavaThread "jar transforms Thread 399" [_thread_blocked, id=4832, stack(0x0000000024bb0000,0x0000000024cb0000)]
  0x000000001d16d000 JavaThread "jar transforms Thread 398" [_thread_blocked, id=15088, stack(0x0000000024ab0000,0x0000000024bb0000)]
  0x000000001d16f800 JavaThread "jar transforms Thread 397" [_thread_blocked, id=2272, stack(0x00000000249b0000,0x0000000024ab0000)]
  0x000000001d165800 JavaThread "jar transforms Thread 396" [_thread_blocked, id=9080, stack(0x00000000248b0000,0x00000000249b0000)]
  0x000000001d166800 JavaThread "jar transforms Thread 395" [_thread_blocked, id=29492, stack(0x00000000247b0000,0x00000000248b0000)]
  0x000000001d16c800 JavaThread "jar transforms Thread 394" [_thread_blocked, id=1740, stack(0x00000000246b0000,0x00000000247b0000)]
  0x000000001d165000 JavaThread "jar transforms Thread 393" [_thread_blocked, id=20228, stack(0x00000000245b0000,0x00000000246b0000)]
  0x000000001d16b800 JavaThread "jar transforms Thread 392" [_thread_blocked, id=15760, stack(0x00000000244b0000,0x00000000245b0000)]
  0x000000001d164000 JavaThread "jar transforms Thread 391" [_thread_blocked, id=22992, stack(0x00000000243b0000,0x00000000244b0000)]
  0x000000001d168800 JavaThread "jar transforms Thread 390" [_thread_blocked, id=25992, stack(0x00000000242b0000,0x00000000243b0000)]
  0x000000001d16b000 JavaThread "jar transforms Thread 389" [_thread_blocked, id=21956, stack(0x00000000241b0000,0x00000000242b0000)]
  0x000000001d16a000 JavaThread "jar transforms Thread 388" [_thread_blocked, id=8376, stack(0x00000000240b0000,0x00000000241b0000)]
  0x000000001d167000 JavaThread "jar transforms Thread 387" [_thread_blocked, id=9712, stack(0x0000000023fb0000,0x00000000240b0000)]
  0x000000001bccd800 JavaThread "jar transforms Thread 386" [_thread_blocked, id=17300, stack(0x0000000023eb0000,0x0000000023fb0000)]
  0x000000001bcd0800 JavaThread "jar transforms Thread 385" [_thread_blocked, id=7704, stack(0x0000000023bb0000,0x0000000023cb0000)]
  0x000000001bcd3000 JavaThread "jar transforms Thread 384" [_thread_blocked, id=17348, stack(0x0000000023ab0000,0x0000000023bb0000)]
  0x000000001bcd2000 JavaThread "jar transforms Thread 383" [_thread_blocked, id=25300, stack(0x00000000239b0000,0x0000000023ab0000)]
  0x000000001bccf000 JavaThread "jar transforms Thread 382" [_thread_blocked, id=29716, stack(0x00000000236b0000,0x00000000237b0000)]
  0x000000001bccd000 JavaThread "jar transforms Thread 381" [_thread_blocked, id=6704, stack(0x00000000235b0000,0x00000000236b0000)]
  0x000000001bcd0000 JavaThread "jar transforms Thread 380" [_thread_blocked, id=27260, stack(0x00000000234b0000,0x00000000235b0000)]
  0x000000001bcce800 JavaThread "jar transforms Thread 379" [_thread_blocked, id=20728, stack(0x00000000233b0000,0x00000000234b0000)]
  0x000000001bcc5800 JavaThread "jar transforms Thread 378" [_thread_blocked, id=29388, stack(0x00000000232b0000,0x00000000233b0000)]
  0x000000001bccc000 JavaThread "jar transforms Thread 377" [_thread_blocked, id=13316, stack(0x00000000231b0000,0x00000000232b0000)]
  0x000000001bcc4800 JavaThread "jar transforms Thread 376" [_thread_blocked, id=26712, stack(0x00000000230b0000,0x00000000231b0000)]
  0x000000001bcca000 JavaThread "jar transforms Thread 375" [_thread_blocked, id=21072, stack(0x0000000022fb0000,0x00000000230b0000)]
  0x000000001bcc8800 JavaThread "jar transforms Thread 374" [_thread_blocked, id=26268, stack(0x0000000022eb0000,0x0000000022fb0000)]
  0x000000001bccb800 JavaThread "jar transforms Thread 373" [_thread_blocked, id=30684, stack(0x0000000022db0000,0x0000000022eb0000)]
  0x000000001bcc7800 JavaThread "jar transforms Thread 372" [_thread_blocked, id=18668, stack(0x0000000022cb0000,0x0000000022db0000)]
  0x000000001bcc4000 JavaThread "jar transforms Thread 371" [_thread_blocked, id=15728, stack(0x0000000022bb0000,0x0000000022cb0000)]
  0x000000001bcc9000 JavaThread "jar transforms Thread 370" [_thread_blocked, id=21456, stack(0x0000000022ab0000,0x0000000022bb0000)]
  0x000000001bcca800 JavaThread "jar transforms Thread 369" [_thread_blocked, id=24940, stack(0x00000000229b0000,0x0000000022ab0000)]
  0x000000001bcc7000 JavaThread "Build operations Thread 8" [_thread_blocked, id=22212, stack(0x00000000228b0000,0x00000000229b0000)]
  0x000000001bcc6000 JavaThread "Build operations Thread 7" [_thread_blocked, id=14080, stack(0x00000000227b0000,0x00000000228b0000)]
  0x000000001fb9c000 JavaThread "Build operations Thread 6" [_thread_blocked, id=13440, stack(0x00000000226b0000,0x00000000227b0000)]
  0x000000001fb9b800 JavaThread "Build operations Thread 5" [_thread_blocked, id=18540, stack(0x00000000225b0000,0x00000000226b0000)]
  0x000000001fb98800 JavaThread "Build operations Thread 4" [_thread_blocked, id=1768, stack(0x0000000021db0000,0x0000000021eb0000)]
  0x000000001fb99000 JavaThread "Build operations Thread 3" [_thread_blocked, id=23248, stack(0x00000000215b0000,0x00000000216b0000)]
  0x000000001fb97800 JavaThread "Build operations Thread 2" [_thread_blocked, id=5460, stack(0x00000000214b0000,0x00000000215b0000)]
  0x000000001fb9a800 JavaThread "Build operations" [_thread_blocked, id=12756, stack(0x00000000213b0000,0x00000000214b0000)]
  0x000000001fb90000 JavaThread "Cache worker for cache directory md-rule (C:\Users\laksh\.gradle\caches\6.5\md-rule)" [_thread_blocked, id=22632, stack(0x000000001ecb0000,0x000000001edb0000)]
  0x000000001fb97000 JavaThread "Cache worker for cache directory md-supplier (C:\Users\laksh\.gradle\caches\6.5\md-supplier)" [_thread_blocked, id=10720, stack(0x000000001e6b0000,0x000000001e7b0000)]
  0x000000001fb96000 JavaThread "Cache worker for checksums cache (C:\Users\laksh\AndroidStudioProjects\onAIR\.gradle\checksums)" [_thread_blocked, id=2388, stack(0x000000001e5b0000,0x000000001e6b0000)]
  0x000000001fb8e800 JavaThread "Cache worker for file hash cache (C:\Users\laksh\AndroidStudioProjects\onAIR\.gradle\6.5\fileHashes)" [_thread_blocked, id=22788, stack(0x000000001e4b0000,0x000000001e5b0000)]
  0x000000001fb93000 JavaThread "Thread-509" [_thread_blocked, id=13400, stack(0x000000001e3b0000,0x000000001e4b0000)]
  0x000000001fb95800 JavaThread "Stdin handler" [_thread_blocked, id=23568, stack(0x000000001ddb0000,0x000000001deb0000)]
  0x000000001fb94800 JavaThread "Asynchronous log dispatcher for DefaultDaemonConnection: socket connection from /127.0.0.1:64162 to /127.0.0.1:50652" [_thread_blocked, id=14304, stack(0x000000001d970000,0x000000001da70000)]
  0x000000001fb91800 JavaThread "Daemon worker Thread 5" [_thread_blocked, id=15900, stack(0x000000001d870000,0x000000001d970000)]
  0x000000001fb92800 JavaThread "Cancel handler" [_thread_blocked, id=27004, stack(0x0000000001020000,0x0000000001120000)]
  0x000000001fb8d000 JavaThread "Handler for socket connection from /127.0.0.1:64162 to /127.0.0.1:50652" [_thread_in_native, id=29988, stack(0x0000000000ee0000,0x0000000000fe0000)]
  0x000000001fb94000 JavaThread "Daemon Thread 5" [_thread_blocked, id=21800, stack(0x0000000000de0000,0x0000000000ee0000)]
  0x000000001f033800 JavaThread "Cache worker for Java compile cache (C:\Users\laksh\.gradle\caches\6.5\javaCompile)" [_thread_blocked, id=29520, stack(0x000000002cb40000,0x000000002cc40000)]
  0x000000001fb8e000 JavaThread "Memory manager" [_thread_blocked, id=6676, stack(0x00000000291b0000,0x00000000292b0000)]
  0x000000001c64b800 JavaThread "Cache worker for file content cache (C:\Users\laksh\.gradle\caches\6.5\fileContent)" [_thread_blocked, id=28860, stack(0x0000000021eb0000,0x0000000021fb0000)]
  0x000000001c64e000 JavaThread "Cache worker for execution history cache (C:\Users\laksh\.gradle\caches\6.5\executionHistory)" [_thread_blocked, id=17684, stack(0x00000000216b0000,0x00000000217b0000)]
  0x000000001c648800 JavaThread "Cache worker for file hash cache (C:\Users\laksh\.gradle\caches\6.5\fileHashes)" [_thread_blocked, id=15116, stack(0x000000001ebb0000,0x000000001ecb0000)]
  0x000000001c649800 JavaThread "File lock request listener" [_thread_in_native, id=29928, stack(0x000000001eab0000,0x000000001ebb0000)]
  0x000000001c4cf000 JavaThread "Cache worker for journal cache (C:\Users\laksh\.gradle\caches\journal-1)" [_thread_blocked, id=17372, stack(0x000000001e9b0000,0x000000001eab0000)]
  0x000000001c41f800 JavaThread "Daemon periodic checks" [_thread_blocked, id=14384, stack(0x000000001dcb0000,0x000000001ddb0000)]
  0x000000001c41e000 JavaThread "Incoming local TCP Connector on port 64162" [_thread_in_native, id=15352, stack(0x000000001da70000,0x000000001db70000)]
  0x000000001aeae000 JavaThread "Daemon health stats" [_thread_blocked, id=16124, stack(0x000000001d430000,0x000000001d530000)]
  0x0000000019c5c000 JavaThread "Service Thread" daemon [_thread_blocked, id=2264, stack(0x000000001a890000,0x000000001a990000)]
  0x0000000019bcb000 JavaThread "C1 CompilerThread3" daemon [_thread_blocked, id=18072, stack(0x000000001a790000,0x000000001a890000)]
=>0x0000000019bc7000 JavaThread "C2 CompilerThread2" daemon [_thread_in_native, id=18216, stack(0x000000001a690000,0x000000001a790000)]
  0x0000000019bc3800 JavaThread "C2 CompilerThread1" daemon [_thread_blocked, id=20872, stack(0x000000001a590000,0x000000001a690000)]
  0x0000000019bc0800 JavaThread "C2 CompilerThread0" daemon [_thread_in_native, id=7528, stack(0x000000001a490000,0x000000001a590000)]
  0x0000000019bbe000 JavaThread "Attach Listener" daemon [_thread_blocked, id=15720, stack(0x000000001a390000,0x000000001a490000)]
  0x0000000019bbd000 JavaThread "Signal Dispatcher" daemon [_thread_blocked, id=4764, stack(0x000000001a290000,0x000000001a390000)]
  0x0000000019bb0800 JavaThread "Finalizer" daemon [_thread_blocked, id=19116, stack(0x000000001a090000,0x000000001a190000)]
  0x0000000002d18800 JavaThread "Reference Handler" daemon [_thread_blocked, id=11108, stack(0x0000000019f90000,0x000000001a090000)]
  0x0000000002aae800 JavaThread "main" [_thread_blocked, id=12244, stack(0x0000000002b20000,0x0000000002c20000)]

Other Threads:
  0x0000000017d87000 VMThread [stack: 0x0000000019a90000,0x0000000019b90000] [id=14900]
  0x0000000019bd8800 WatcherThread [stack: 0x000000001a990000,0x000000001aa90000] [id=23912]

VM state:not at safepoint (normal execution)

VM Mutex/Monitor currently owned by a thread: None

heap address: 0x0000000080000000, size: 2048 MB, Compressed Oops mode: 32-bit
Narrow klass base: 0x0000000000000000, Narrow klass shift: 3
Compressed class space size: 1073741824 Address: 0x0000000100000000

Heap:
 PSYoungGen      total 444416K, used 259795K [0x00000000d5580000, 0x00000000f3400000, 0x0000000100000000)
  eden space 411648K, 56% used [0x00000000d5580000,0x00000000e3786600,0x00000000ee780000)
  from space 32768K, 86% used [0x00000000f0b80000,0x00000000f272e778,0x00000000f2b80000)
  to   space 36864K, 0% used [0x00000000ee780000,0x00000000ee780000,0x00000000f0b80000)
 ParOldGen       total 146944K, used 49333K [0x0000000080000000, 0x0000000088f80000, 0x00000000d5580000)
  object space 146944K, 33% used [0x0000000080000000,0x000000008302d5e8,0x0000000088f80000)
 Metaspace       used 104789K, capacity 110092K, committed 111000K, reserved 1144832K
  class space    used 13838K, capacity 14929K, committed 15280K, reserved 1048576K

Card table byte_map: [0x00000000120e0000,0x00000000124f0000] byte_map_base: 0x0000000011ce0000

Marking Bits: (ParMarkBitMap*) 0x0000000059dcf030
 Begin Bits: [0x0000000012fa0000, 0x0000000014fa0000)
 End Bits:   [0x0000000014fa0000, 0x0000000016fa0000)

Polling page: 0x00000000029d0000

CodeCache: size=245760Kb used=47398Kb max_used=47398Kb free=198361Kb
 bounds [0x0000000002d20000, 0x0000000005bc0000, 0x0000000011d20000]
 total_blobs=15422 nmethods=14515 adapters=819
 compilation: enabled

Compilation events (10 events):
Event: 12187.478 Thread 0x0000000019bcb000 nmethod 17845 0x000000000383bf50 code [0x000000000383c0a0, 0x000000000383c1b0]
Event: 12187.482 Thread 0x0000000019bc3800 nmethod 17843 0x0000000003b9de50 code [0x0000000003b9dfc0, 0x0000000003b9e758]
Event: 12187.484 Thread 0x0000000019bcb000 17846       3       org.gradle.api.internal.artifacts.configurations.DefaultConfiguration_Decorated::getExcludeRules (40 bytes)
Event: 12187.486 Thread 0x0000000019bcb000 nmethod 17846 0x00000000053d7d50 code [0x00000000053d7fc0, 0x00000000053d8de8]
Event: 12187.486 Thread 0x0000000019bcb000 17847       3       org.gradle.api.internal.artifacts.configurations.DefaultConfiguration::getExcludeRules (12 bytes)
Event: 12187.487 Thread 0x0000000019bcb000 nmethod 17847 0x0000000003d52bd0 code [0x0000000003d52d80, 0x0000000003d531f8]
Event: 12187.496 Thread 0x0000000019bcb000 17848       3       org.gradle.internal.event.BroadcastDispatch$ActionInvocationHandler::dispatch (9 bytes)
Event: 12187.498 Thread 0x0000000019bcb000 nmethod 17848 0x0000000003a7f190 code [0x0000000003a7f340, 0x0000000003a7f8d8]
Event: 12187.498 Thread 0x0000000019bcb000 17849       3       org.gradle.internal.event.BroadcastDispatch$ActionInvocationHandler::dispatch (33 bytes)
Event: 12187.499 Thread 0x0000000019bcb000 nmethod 17849 0x0000000003b8b190 code [0x0000000003b8b320, 0x0000000003b8b758]

GC Heap History (10 events):
Event: 23.841 GC heap before
{Heap before GC invocations=16 (full 3):
 PSYoungGen      total 312320K, used 312134K [0x00000000d5580000, 0x00000000eb980000, 0x0000000100000000)
  eden space 294912K, 100% used [0x00000000d5580000,0x00000000e7580000,0x00000000e7580000)
  from space 17408K, 98% used [0x00000000ea880000,0x00000000eb951b20,0x00000000eb980000)
  to   space 24064K, 0% used [0x00000000e8a80000,0x00000000e8a80000,0x00000000ea200000)
 ParOldGen       total 101376K, used 37075K [0x0000000080000000, 0x0000000086300000, 0x00000000d5580000)
  object space 101376K, 36% used [0x0000000080000000,0x0000000082434fe8,0x0000000086300000)
 Metaspace       used 79051K, capacity 83388K, committed 83480K, reserved 1122304K
  class space    used 10788K, capacity 11552K, committed 11568K, reserved 1048576K
Event: 24.004 GC heap after
Heap after GC invocations=16 (full 3):
 PSYoungGen      total 340480K, used 24054K [0x00000000d5580000, 0x00000000ef800000, 0x0000000100000000)
  eden space 316416K, 0% used [0x00000000d5580000,0x00000000d5580000,0x00000000e8a80000)
  from space 24064K, 99% used [0x00000000e8a80000,0x00000000ea1fd8b0,0x00000000ea200000)
  to   space 33792K, 0% used [0x00000000ed700000,0x00000000ed700000,0x00000000ef800000)
 ParOldGen       total 101376K, used 53098K [0x0000000080000000, 0x0000000086300000, 0x00000000d5580000)
  object space 101376K, 52% used [0x0000000080000000,0x00000000833da9a0,0x0000000086300000)
 Metaspace       used 79051K, capacity 83388K, committed 83480K, reserved 1122304K
  class space    used 10788K, capacity 11552K, committed 11568K, reserved 1048576K
}
Event: 1367.580 GC heap before
{Heap before GC invocations=17 (full 3):
 PSYoungGen      total 340480K, used 340470K [0x00000000d5580000, 0x00000000ef800000, 0x0000000100000000)
  eden space 316416K, 100% used [0x00000000d5580000,0x00000000e8a80000,0x00000000e8a80000)
  from space 24064K, 99% used [0x00000000e8a80000,0x00000000ea1fd8b0,0x00000000ea200000)
  to   space 33792K, 0% used [0x00000000ed700000,0x00000000ed700000,0x00000000ef800000)
 ParOldGen       total 101376K, used 53098K [0x0000000080000000, 0x0000000086300000, 0x00000000d5580000)
  object space 101376K, 52% used [0x0000000080000000,0x00000000833da9a0,0x0000000086300000)
 Metaspace       used 90894K, capacity 96724K, committed 96792K, reserved 1132544K
  class space    used 12272K, capacity 13320K, committed 13360K, reserved 1048576K
Event: 1367.810 GC heap after
Heap after GC invocations=17 (full 3):
 PSYoungGen      total 395264K, used 17926K [0x00000000d5580000, 0x00000000f0480000, 0x0000000100000000)
  eden space 361472K, 0% used [0x00000000d5580000,0x00000000d5580000,0x00000000eb680000)
  from space 33792K, 53% used [0x00000000ed700000,0x00000000ee881950,0x00000000ef800000)
  to   space 33280K, 0% used [0x00000000eb680000,0x00000000eb680000,0x00000000ed700000)
 ParOldGen       total 101376K, used 71966K [0x0000000080000000, 0x0000000086300000, 0x00000000d5580000)
  object space 101376K, 70% used [0x0000000080000000,0x0000000084647a48,0x0000000086300000)
 Metaspace       used 90894K, capacity 96724K, committed 96792K, reserved 1132544K
  class space    used 12272K, capacity 13320K, committed 13360K, reserved 1048576K
}
Event: 1575.791 GC heap before
{Heap before GC invocations=18 (full 3):
 PSYoungGen      total 395264K, used 100352K [0x00000000d5580000, 0x00000000f0480000, 0x0000000100000000)
  eden space 361472K, 22% used [0x00000000d5580000,0x00000000da5fe950,0x00000000eb680000)
  from space 33792K, 53% used [0x00000000ed700000,0x00000000ee881950,0x00000000ef800000)
  to   space 33280K, 0% used [0x00000000eb680000,0x00000000eb680000,0x00000000ed700000)
 ParOldGen       total 101376K, used 71966K [0x0000000080000000, 0x0000000086300000, 0x00000000d5580000)
  object space 101376K, 70% used [0x0000000080000000,0x0000000084647a48,0x0000000086300000)
 Metaspace       used 92468K, capacity 98480K, committed 98584K, reserved 1134592K
  class space    used 12472K, capacity 13568K, committed 13616K, reserved 1048576K
Event: 1575.809 GC heap after
Heap after GC invocations=18 (full 3):
 PSYoungGen      total 394752K, used 5022K [0x00000000d5580000, 0x00000000f2b80000, 0x0000000100000000)
  eden space 361472K, 0% used [0x00000000d5580000,0x00000000d5580000,0x00000000eb680000)
  from space 33280K, 15% used [0x00000000eb680000,0x00000000ebb67ba8,0x00000000ed700000)
  to   space 32768K, 0% used [0x00000000f0b80000,0x00000000f0b80000,0x00000000f2b80000)
 ParOldGen       total 101376K, used 71974K [0x0000000080000000, 0x0000000086300000, 0x00000000d5580000)
  object space 101376K, 70% used [0x0000000080000000,0x0000000084649a48,0x0000000086300000)
 Metaspace       used 92468K, capacity 98480K, committed 98584K, reserved 1134592K
  class space    used 12472K, capacity 13568K, committed 13616K, reserved 1048576K
}
Event: 1575.809 GC heap before
{Heap before GC invocations=19 (full 4):
 PSYoungGen      total 394752K, used 5022K [0x00000000d5580000, 0x00000000f2b80000, 0x0000000100000000)
  eden space 361472K, 0% used [0x00000000d5580000,0x00000000d5580000,0x00000000eb680000)
  from space 33280K, 15% used [0x00000000eb680000,0x00000000ebb67ba8,0x00000000ed700000)
  to   space 32768K, 0% used [0x00000000f0b80000,0x00000000f0b80000,0x00000000f2b80000)
 ParOldGen       total 101376K, used 71974K [0x0000000080000000, 0x0000000086300000, 0x00000000d5580000)
  object space 101376K, 70% used [0x0000000080000000,0x0000000084649a48,0x0000000086300000)
 Metaspace       used 92468K, capacity 98480K, committed 98584K, reserved 1134592K
  class space    used 12472K, capacity 13568K, committed 13616K, reserved 1048576K
Event: 1576.376 GC heap after
Heap after GC invocations=19 (full 4):
 PSYoungGen      total 394752K, used 0K [0x00000000d5580000, 0x00000000f2b80000, 0x0000000100000000)
  eden space 361472K, 0% used [0x00000000d5580000,0x00000000d5580000,0x00000000eb680000)
  from space 33280K, 0% used [0x00000000eb680000,0x00000000eb680000,0x00000000ed700000)
  to   space 32768K, 0% used [0x00000000f0b80000,0x00000000f0b80000,0x00000000f2b80000)
 ParOldGen       total 146944K, used 49325K [0x0000000080000000, 0x0000000088f80000, 0x00000000d5580000)
  object space 146944K, 33% used [0x0000000080000000,0x000000008302b5e8,0x0000000088f80000)
 Metaspace       used 91492K, capacity 95892K, committed 98584K, reserved 1134592K
  class space    used 12135K, capacity 12976K, committed 13616K, reserved 1048576K
}
Event: 5264.803 GC heap before
{Heap before GC invocations=20 (full 4):
 PSYoungGen      total 394752K, used 361472K [0x00000000d5580000, 0x00000000f2b80000, 0x0000000100000000)
  eden space 361472K, 100% used [0x00000000d5580000,0x00000000eb680000,0x00000000eb680000)
  from space 33280K, 0% used [0x00000000eb680000,0x00000000eb680000,0x00000000ed700000)
  to   space 32768K, 0% used [0x00000000f0b80000,0x00000000f0b80000,0x00000000f2b80000)
 ParOldGen       total 146944K, used 49325K [0x0000000080000000, 0x0000000088f80000, 0x00000000d5580000)
  object space 146944K, 33% used [0x0000000080000000,0x000000008302b5e8,0x0000000088f80000)
 Metaspace       used 104275K, capacity 109554K, committed 110744K, reserved 1144832K
  class space    used 13818K, capacity 14896K, committed 15280K, reserved 1048576K
Event: 5266.346 GC heap after
Heap after GC invocations=20 (full 4):
 PSYoungGen      total 444416K, used 28345K [0x00000000d5580000, 0x00000000f3400000, 0x0000000100000000)
  eden space 411648K, 0% used [0x00000000d5580000,0x00000000d5580000,0x00000000ee780000)
  from space 32768K, 86% used [0x00000000f0b80000,0x00000000f272e778,0x00000000f2b80000)
  to   space 36864K, 0% used [0x00000000ee780000,0x00000000ee780000,0x00000000f0b80000)
 ParOldGen       total 146944K, used 49333K [0x0000000080000000, 0x0000000088f80000, 0x00000000d5580000)
  object space 146944K, 33% used [0x0000000080000000,0x000000008302d5e8,0x0000000088f80000)
 Metaspace       used 104275K, capacity 109554K, committed 110744K, reserved 1144832K
  class space    used 13818K, capacity 14896K, committed 15280K, reserved 1048576K
}

Deoptimization events (10 events):
Event: 5268.208 Thread 0x000000002ae20000 Uncommon trap: reason=bimorphic action=maybe_recompile pc=0x0000000005016e74 method=java.util.stream.FindOps$FindOp.evaluateSequential(Ljava/util/stream/PipelineHelper;Ljava/util/Spliterator;)Ljava/lang/Object; @ 14
Event: 5609.932 Thread 0x000000001fb8e000 Uncommon trap: reason=unstable_if action=reinterpret pc=0x000000000481e800 method=java.util.concurrent.locks.AbstractQueuedSynchronizer$ConditionObject.awaitNanos(J)J @ 73
Event: 12184.768 Thread 0x000000001bcc6000 Uncommon trap: reason=class_check action=maybe_recompile pc=0x0000000005b0295c method=org.gradle.internal.component.model.ImmutableModuleSources.getSource(Ljava/lang/Class;)Ljava/util/Optional; @ 32
Event: 12184.770 Thread 0x000000001fb9a800 Uncommon trap: reason=class_check action=maybe_recompile pc=0x0000000005b0295c method=org.gradle.internal.component.model.ImmutableModuleSources.getSource(Ljava/lang/Class;)Ljava/util/Optional; @ 32
Event: 12184.771 Thread 0x000000001fb97800 Uncommon trap: reason=class_check action=maybe_recompile pc=0x0000000005b0295c method=org.gradle.internal.component.model.ImmutableModuleSources.getSource(Ljava/lang/Class;)Ljava/util/Optional; @ 32
Event: 12184.772 Thread 0x000000001fb99000 Uncommon trap: reason=class_check action=maybe_recompile pc=0x0000000005b0295c method=org.gradle.internal.component.model.ImmutableModuleSources.getSource(Ljava/lang/Class;)Ljava/util/Optional; @ 32
Event: 12185.941 Thread 0x000000001fb91800 Uncommon trap: reason=class_check action=maybe_recompile pc=0x0000000004c51f20 method=java.util.Spliterators$ArraySpliterator.tryAdvance(Ljava/util/function/Consumer;)Z @ 49
Event: 12186.144 Thread 0x000000001fb91800 Uncommon trap: reason=class_check action=maybe_recompile pc=0x0000000004c51f20 method=java.util.Spliterators$ArraySpliterator.tryAdvance(Ljava/util/function/Consumer;)Z @ 49
Event: 12186.930 Thread 0x000000001fb98800 Uncommon trap: reason=unstable_if action=reinterpret pc=0x00000000036beeec method=java.util.concurrent.ConcurrentHashMap.replaceNode(Ljava/lang/Object;Ljava/lang/Object;Ljava/lang/Object;)Ljava/lang/Object; @ 62
Event: 12187.467 Thread 0x00000000202fb000 Uncommon trap: reason=predicate action=maybe_recompile pc=0x0000000003d851b0 method=com.android.ide.common.resources.DataSet.processNewDataFile(Ljava/io/File;Lcom/android/ide/common/resources/DataFile;Z)V @ 31

Classes redefined (0 events):
No events

Internal exceptions (10 events):
Event: 1583.793 Thread 0x000000001bcc8800 Exception <a 'java/lang/NoSuchMethodError': <clinit>> (0x00000000e850e240) thrown at [C:\src\AOSP-openjdk-git\hotspot\src\share\vm\prims\jni.cpp, line 1615]
Event: 1583.803 Thread 0x000000001bcc8800 Exception <a 'java/lang/NoSuchMethodError': <clinit>> (0x00000000e855da20) thrown at [C:\src\AOSP-openjdk-git\hotspot\src\share\vm\prims\jni.cpp, line 1615]
Event: 1583.805 Thread 0x000000001bcc8800 Exception <a 'java/lang/NoSuchMethodError': <clinit>> (0x00000000e856d0b8) thrown at [C:\src\AOSP-openjdk-git\hotspot\src\share\vm\prims\jni.cpp, line 1615]
Event: 5264.168 Thread 0x000000002ae20000 Exception <a 'java/lang/ClassNotFoundException': sync_studio_tooling1_6509buewt96v17e2x5udmxpjzBeanInfo> (0x00000000eaaf3c50) thrown at [C:\src\AOSP-openjdk-git\hotspot\src\share\vm\classfile\systemDictionary.cpp, line 210]
Event: 5264.172 Thread 0x000000002ae20000 Exception <a 'java/lang/ClassNotFoundException': sync_studio_tooling1_6509buewt96v17e2x5udmxpjzCustomizer> (0x00000000eab01308) thrown at [C:\src\AOSP-openjdk-git\hotspot\src\share\vm\classfile\systemDictionary.cpp, line 210]
Event: 5264.367 Thread 0x000000002ae20000 Exception <a 'java/lang/ClassNotFoundException': sync_studio_tooling1_6509buewt96v17e2x5udmxpjzBeanInfo> (0x00000000eac14028) thrown at [C:\src\AOSP-openjdk-git\hotspot\src\share\vm\classfile\systemDictionary.cpp, line 210]
Event: 5264.367 Thread 0x000000002ae20000 Exception <a 'java/lang/ClassNotFoundException': sync_studio_tooling1_6509buewt96v17e2x5udmxpjzCustomizer> (0x00000000eac21680) thrown at [C:\src\AOSP-openjdk-git\hotspot\src\share\vm\classfile\systemDictionary.cpp, line 210]
Event: 5267.415 Thread 0x000000002ae20000 Exception <a 'sun/nio/fs/WindowsException'> (0x00000000d852eba8) thrown at [C:\src\AOSP-openjdk-git\hotspot\src\share\vm\prims\jni.cpp, line 710]
Event: 5267.475 Thread 0x000000002ae20000 Exception <a 'java/lang/reflect/InvocationTargetException'> (0x00000000d8740688) thrown at [C:\src\AOSP-openjdk-git\hotspot\src\share\vm\runtime\reflection.cpp, line 1092]
Event: 12185.976 Thread 0x000000001fb91800 Exception <a 'sun/nio/fs/WindowsException'> (0x00000000e0855618) thrown at [C:\src\AOSP-openjdk-git\hotspot\src\share\vm\prims\jni.cpp, line 710]

Events (10 events):
Event: 12186.930 Thread 0x000000001fb98800 DEOPT UNPACKING pc=0x0000000002d6557b sp=0x0000000021eacb40 mode 2
Event: 12186.993 Executing VM operation: RevokeBias
Event: 12186.996 Executing VM operation: RevokeBias done
Event: 12186.996 Executing VM operation: RevokeBias
Event: 12186.996 Executing VM operation: RevokeBias done
Event: 12186.996 Executing VM operation: RevokeBias
Event: 12186.997 Executing VM operation: RevokeBias done
Event: 12187.467 Thread 0x00000000202fb000 Uncommon trap: trap_request=0xffffff86 fr.pc=0x0000000003d851b0
Event: 12187.467 Thread 0x00000000202fb000 DEOPT PACKING pc=0x0000000003d851b0 sp=0x000000002c23b4d0
Event: 12187.467 Thread 0x00000000202fb000 DEOPT UNPACKING pc=0x0000000002d6557b sp=0x000000002c23b4d8 mode 2


Dynamic libraries:
0x00007ff671d20000 - 0x00007ff671d51000 	C:\Program Files\Android\Android Studio\jre\bin\java.exe
0x00007ff8f1890000 - 0x00007ff8f1a85000 	C:\WINDOWS\SYSTEM32\ntdll.dll
0x00007ff8efe70000 - 0x00007ff8eff2d000 	C:\WINDOWS\System32\KERNEL32.DLL
0x00007ff8ef170000 - 0x00007ff8ef438000 	C:\WINDOWS\System32\KERNELBASE.dll
0x00007ff8efdc0000 - 0x00007ff8efe6c000 	C:\WINDOWS\System32\ADVAPI32.dll
0x00007ff8f1060000 - 0x00007ff8f10fe000 	C:\WINDOWS\System32\msvcrt.dll
0x00007ff8f0ca0000 - 0x00007ff8f0d3b000 	C:\WINDOWS\System32\sechost.dll
0x00007ff8f0950000 - 0x00007ff8f0a7b000 	C:\WINDOWS\System32\RPCRT4.dll
0x00007ff8f0180000 - 0x00007ff8f0320000 	C:\WINDOWS\System32\USER32.dll
0x00007ff8ef570000 - 0x00007ff8ef592000 	C:\WINDOWS\System32\win32u.dll
0x00007ff8f0a80000 - 0x00007ff8f0aaa000 	C:\WINDOWS\System32\GDI32.dll
0x00007ff8ef7e0000 - 0x00007ff8ef8eb000 	C:\WINDOWS\System32\gdi32full.dll
0x00007ff8eefd0000 - 0x00007ff8ef06d000 	C:\WINDOWS\System32\msvcp_win.dll
0x00007ff8ef070000 - 0x00007ff8ef170000 	C:\WINDOWS\System32\ucrtbase.dll
0x00007ff8dc710000 - 0x00007ff8dc9aa000 	C:\WINDOWS\WinSxS\amd64_microsoft.windows.common-controls_6595b64144ccf1df_6.0.19041.844_none_ca00b6081b84eb1d\COMCTL32.dll
0x00007ff8efd90000 - 0x00007ff8efdc0000 	C:\WINDOWS\System32\IMM32.DLL
0x00000000590a0000 - 0x0000000059172000 	C:\Program Files\Android\Android Studio\jre\jre\bin\msvcr100.dll
0x0000000059600000 - 0x0000000059e4b000 	C:\Program Files\Android\Android Studio\jre\jre\bin\server\jvm.dll
0x00007ff8f0810000 - 0x00007ff8f0818000 	C:\WINDOWS\System32\PSAPI.DLL
0x00007ff8ec2a0000 - 0x00007ff8ec2a9000 	C:\WINDOWS\SYSTEM32\WSOCK32.dll
0x00007ff8e7a20000 - 0x00007ff8e7a2a000 	C:\WINDOWS\SYSTEM32\VERSION.dll
0x00007ff8e4ac0000 - 0x00007ff8e4ae7000 	C:\WINDOWS\SYSTEM32\WINMM.dll
0x00007ff8effb0000 - 0x00007ff8f001b000 	C:\WINDOWS\System32\WS2_32.dll
0x00007ff8e9930000 - 0x00007ff8e993f000 	C:\Program Files\Android\Android Studio\jre\jre\bin\verify.dll
0x00007ff8d2940000 - 0x00007ff8d2969000 	C:\Program Files\Android\Android Studio\jre\jre\bin\java.dll
0x00007ff8e7780000 - 0x00007ff8e7796000 	C:\Program Files\Android\Android Studio\jre\jre\bin\zip.dll
0x00007ff8f1100000 - 0x00007ff8f1842000 	C:\WINDOWS\System32\SHELL32.dll
0x00007ff8ed0e0000 - 0x00007ff8ed870000 	C:\WINDOWS\SYSTEM32\windows.storage.dll
0x00007ff8f03d0000 - 0x00007ff8f0725000 	C:\WINDOWS\System32\combase.dll
0x00007ff8ee970000 - 0x00007ff8ee99c000 	C:\WINDOWS\SYSTEM32\Wldp.dll
0x00007ff8f0320000 - 0x00007ff8f03ce000 	C:\WINDOWS\System32\SHCORE.dll
0x00007ff8f0080000 - 0x00007ff8f00d5000 	C:\WINDOWS\System32\shlwapi.dll
0x00007ff8eef10000 - 0x00007ff8eef2f000 	C:\WINDOWS\SYSTEM32\profapi.dll
0x00007ff8e73f0000 - 0x00007ff8e740a000 	C:\Program Files\Android\Android Studio\jre\jre\bin\net.dll
0x00007ff8ee690000 - 0x00007ff8ee6fa000 	C:\WINDOWS\system32\mswsock.dll
0x00007ff8e06e0000 - 0x00007ff8e06f3000 	C:\Program Files\Android\Android Studio\jre\jre\bin\nio.dll
0x00007ff8dabb0000 - 0x00007ff8dabd7000 	C:\Users\laksh\.gradle\native\f6784746aeab05261644944871eae4fe03e0ef1612fff0a4a95f87b438bc6780\windows-amd64\native-platform.dll
0x00007ff8e2b40000 - 0x00007ff8e2b4d000 	C:\Program Files\Android\Android Studio\jre\jre\bin\management.dll
0x00007ff8ee850000 - 0x00007ff8ee868000 	C:\WINDOWS\SYSTEM32\CRYPTSP.dll
0x00007ff8ee040000 - 0x00007ff8ee074000 	C:\WINDOWS\system32\rsaenh.dll
0x00007ff8ef5a0000 - 0x00007ff8ef5c7000 	C:\WINDOWS\System32\bcrypt.dll
0x00007ff8eeed0000 - 0x00007ff8eeefe000 	C:\WINDOWS\SYSTEM32\USERENV.dll
0x00007ff8ef490000 - 0x00007ff8ef510000 	C:\WINDOWS\System32\bcryptprimitives.dll
0x00007ff8ee840000 - 0x00007ff8ee84c000 	C:\WINDOWS\SYSTEM32\CRYPTBASE.dll
0x00007ff8ee390000 - 0x00007ff8ee3cb000 	C:\WINDOWS\SYSTEM32\IPHLPAPI.DLL
0x00007ff8efd60000 - 0x00007ff8efd68000 	C:\WINDOWS\System32\NSI.dll
0x00007ff8e71e0000 - 0x00007ff8e71f7000 	C:\WINDOWS\SYSTEM32\dhcpcsvc6.DLL
0x00007ff8e7a50000 - 0x00007ff8e7a6d000 	C:\WINDOWS\SYSTEM32\dhcpcsvc.DLL
0x00007ff8ee3d0000 - 0x00007ff8ee49c000 	C:\WINDOWS\SYSTEM32\DNSAPI.dll
0x00007ff8e7a70000 - 0x00007ff8e7a7b000 	C:\WINDOWS\SYSTEM32\WINNSI.DLL

VM Arguments:
jvm_args: -Xmx2048m -Dfile.encoding=UTF-8 -Duser.country=IN -Duser.language=en -Duser.variant 
java_command: org.gradle.launcher.daemon.bootstrap.GradleDaemon 6.5
java_class_path (initial): C:\Users\laksh\.gradle\wrapper\dists\gradle-6.5-bin\6nifqtx7604sqp1q6g8wikw7p\gradle-6.5\lib\gradle-launcher-6.5.jar
Launcher Type: SUN_STANDARD

Environment Variables:
CLASSPATH=.;C:\Program Files (x86)\QuickTime\QTSystem\QTJava.zip
PATH=C:\Python39\Scripts\;C:\Python39\;C:\Program Files (x86)\Common Files\Intel\Shared Libraries\redist\intel64\compiler;C:\Program Files\Common Files\Oracle\Java\javapath;C:\WINDOWS\system32;C:\WINDOWS;C:\WINDOWS\System32\Wbem;C:\WINDOWS\System32\WindowsPowerShell\v1.0\;C:\WINDOWS\System32\OpenSSH\;C:\Program Files (x86)\QuickTime\QTSystem\;C:\xampp\php;C:\ProgramData\ComposerSetup\bin;C:\Program Files\nodejs\;C:\ProgramData\chocolatey\bin;C:\Program Files\Docker\Docker\resources\bin;C:\ProgramData\DockerDesktop\version-bin;C:\Program Files\Git\cmd;C:\Users\laksh\AppData\Local\Microsoft\WindowsApps;C:\flutter\bin;C:\Users\laksh\AppData\Local\Programs\Microsoft VS Code\bin;C:\Users\laksh\AppData\Roaming\Composer\vendor\bin;C:\Users\laksh\AppData\Roaming\npm;C:\Python39\Lib\site-packages\instaloader;C:\xampp\mysql\bin;C:\Python39;
USERNAME=laksh
OS=Windows_NT
PROCESSOR_IDENTIFIER=AMD64 Family 23 Model 24 Stepping 1, AuthenticAMD



---------------  S Y S T E M  ---------------

OS: Windows 10.0 , 64 bit Build 19041 (10.0.19041.928)

CPU:total 8 (initial active 8) (8 cores per cpu, 1 threads per core) family 23 model 24 stepping 1, cmov, cx8, fxsr, mmx, sse, sse2, sse3, ssse3, sse4.1, sse4.2, popcnt, avx, avx2, aes, clmul, mmxext, 3dnowpref, lzcnt, sse4a, tsc, tscinvbit, tscinv, bmi1

Memory: 4k page, physical 6237812k(397360k free), swap 25112180k(0k free)

vm_info: OpenJDK 64-Bit Server VM (25.242-b01) for windows-amd64 JRE (1.8.0_242-release-1644-b01), built by "builder" with MS VC++ 10.0 (VS2010)

time: Thu May 27 19:31:51 2021
timezone: India Standard Time
elapsed time: 12187 seconds (0d 3h 23m 7s)

