#
# There is insufficient memory for the Java Runtime Environment to continue.
# Native memory allocation (malloc) failed to allocate 32784 bytes for Chunk::new
# Possible reasons:
#   The system is out of physical RAM or swap space
#   The process is running with CompressedOops enabled, and the Java Heap may be blocking the growth of the native heap
# Possible solutions:
#   Reduce memory load on the system
#   Increase physical memory or swap space
#   Check if swap backing store is full
#   Decrease Java heap size (-Xmx/-Xms)
#   Decrease number of Java threads
#   Decrease Java thread stack sizes (-Xss)
#   Set larger code cache with -XX:ReservedCodeCacheSize=
#   JVM is running with Unscaled Compressed Oops mode in which the Java heap is
#     placed in the first 4GB address space. The Java Heap base address is the
#     maximum limit for the native heap growth. Please use -XX:HeapBaseMinAddress
#     to set the Java Heap base and to place the Java Heap above 4GB virtual address.
# This output file may be truncated or incomplete.
#
#  Out of Memory Error (allocation.cpp:389), pid=7008, tid=0x0000000000005884
#
# JRE version: OpenJDK Runtime Environment (8.0_242-b01) (build 1.8.0_242-release-1644-b01)
# Java VM: OpenJDK 64-Bit Server VM (25.242-b01 mixed mode windows-amd64 compressed oops)
# Failed to write core dump. Minidumps are not enabled by default on client versions of Windows
#

---------------  T H R E A D  ---------------

Current thread (0x0000000019e9e000):  JavaThread "C2 CompilerThread2" daemon [_thread_in_native, id=22660, stack(0x000000001a960000,0x000000001aa60000)]

Stack: [0x000000001a960000,0x000000001aa60000]
[error occurred during error reporting (printing stack bounds), id 0xc0000005]

Native frames: (J=compiled Java code, j=interpreted, Vv=VM code, C=native code)


Current CompileTask:
C2: 404255 14075 %     4       com.android.tools.r8.z.a.a.f::a @ 1743 (3630 bytes)


---------------  P R O C E S S  ---------------

Java Threads: ( => current thread )
  0x000000001b3c2000 JavaThread "WorkerExecutor Queue Thread 9" [_thread_in_Java, id=18500, stack(0x000000002de80000,0x000000002df80000)]
  0x000000001b3ba800 JavaThread "WorkerExecutor Queue Thread 8" [_thread_in_Java, id=3624, stack(0x000000002dd80000,0x000000002de80000)]
  0x000000001b3c0800 JavaThread "WorkerExecutor Queue Thread 6" [_thread_in_Java, id=28404, stack(0x000000002d980000,0x000000002da80000)]
  0x000000001b3b9000 JavaThread "WorkerExecutor Queue Thread 5" [_thread_in_vm, id=26144, stack(0x000000002d880000,0x000000002d980000)]
  0x000000001b3be000 JavaThread "WorkerExecutor Queue Thread 4" [_thread_in_vm, id=28284, stack(0x000000002d780000,0x000000002d880000)]
  0x000000001b3bd800 JavaThread "WorkerExecutor Queue Thread 3" [_thread_blocked, id=16800, stack(0x000000002d580000,0x000000002d680000)]
  0x000000001b3bf000 JavaThread "WorkerExecutor Queue Thread 2" [_thread_blocked, id=724, stack(0x000000002cb80000,0x000000002cc80000)]
  0x000000001b3bc800 JavaThread "WorkerExecutor Queue" [_thread_blocked, id=14532, stack(0x000000002ca80000,0x000000002cb80000)]
  0x000000001b3b9800 JavaThread "ForkJoinPool.commonPool-worker-3" daemon [_thread_blocked, id=25612, stack(0x000000002d480000,0x000000002d580000)]
  0x000000001b3bf800 JavaThread "ForkJoinPool.commonPool-worker-2" daemon [_thread_blocked, id=30900, stack(0x000000002d380000,0x000000002d480000)]
  0x000000001b3bc000 JavaThread "ForkJoinPool.commonPool-worker-1" daemon [_thread_blocked, id=23996, stack(0x000000002d280000,0x000000002d380000)]
  0x000000001c8a1000 JavaThread "Cache worker for Java compile cache (C:\Users\laksh\AndroidStudioProjects\onAIR\.gradle\6.5\javaCompile)" [_thread_blocked, id=19592, stack(0x000000002c980000,0x000000002ca80000)]
  0x000000001c89e800 JavaThread "Cache worker for execution history cache (C:\Users\laksh\AndroidStudioProjects\onAIR\.gradle\6.5\executionHistory)" [_thread_blocked, id=27980, stack(0x000000002c880000,0x000000002c980000)]
  0x000000001c8a3000 JavaThread "Execution worker for ':' Thread 7" [_thread_blocked, id=5100, stack(0x000000002c780000,0x000000002c880000)]
  0x000000001c8a1800 JavaThread "Execution worker for ':' Thread 6" [_thread_blocked, id=1652, stack(0x000000002c680000,0x000000002c780000)]
  0x000000001c89e000 JavaThread "Execution worker for ':' Thread 5" [_thread_blocked, id=30692, stack(0x000000002c580000,0x000000002c680000)]
  0x000000001c896800 JavaThread "Execution worker for ':' Thread 4" [_thread_blocked, id=21940, stack(0x000000002c480000,0x000000002c580000)]
  0x000000001c89d000 JavaThread "Execution worker for ':' Thread 3" [_thread_blocked, id=17492, stack(0x000000002bf80000,0x000000002c080000)]
  0x000000001c89c800 JavaThread "Execution worker for ':' Thread 2" [_thread_blocked, id=10276, stack(0x0000000028db0000,0x0000000028eb0000)]
  0x000000001c89b800 JavaThread "Execution worker for ':'" [_thread_blocked, id=4832, stack(0x0000000028ab0000,0x0000000028bb0000)]
  0x000000001c89b000 JavaThread "Cache worker for file content cache (C:\Users\laksh\AndroidStudioProjects\onAIR\.gradle\6.5\fileContent)" [_thread_blocked, id=20948, stack(0x00000000289b0000,0x0000000028ab0000)]
  0x000000001c89a000 JavaThread "Cache worker for Build Output Cleanup Cache (C:\Users\laksh\AndroidStudioProjects\onAIR\.gradle\buildOutputCleanup)" [_thread_blocked, id=30200, stack(0x00000000288b0000,0x00000000289b0000)]
  0x000000001c895000 JavaThread "jar transforms Thread 184" [_thread_blocked, id=6864, stack(0x00000000287b0000,0x00000000288b0000)]
  0x000000001c899800 JavaThread "jar transforms Thread 183" [_thread_blocked, id=27796, stack(0x00000000286b0000,0x00000000287b0000)]
  0x000000001c895800 JavaThread "jar transforms Thread 182" [_thread_blocked, id=29624, stack(0x00000000285b0000,0x00000000286b0000)]
  0x000000001c898000 JavaThread "jar transforms Thread 181" [_thread_blocked, id=7968, stack(0x00000000284b0000,0x00000000285b0000)]
  0x000000001c897000 JavaThread "jar transforms Thread 180" [_thread_blocked, id=18308, stack(0x00000000283b0000,0x00000000284b0000)]
  0x000000001c898800 JavaThread "jar transforms Thread 179" [_thread_blocked, id=31000, stack(0x00000000282b0000,0x00000000283b0000)]
  0x000000001b5ab000 JavaThread "jar transforms Thread 178" [_thread_blocked, id=14828, stack(0x00000000281b0000,0x00000000282b0000)]
  0x000000001b5a9800 JavaThread "jar transforms Thread 177" [_thread_blocked, id=21576, stack(0x00000000280b0000,0x00000000281b0000)]
  0x000000001b5a3800 JavaThread "jar transforms Thread 176" [_thread_blocked, id=9572, stack(0x0000000027fb0000,0x00000000280b0000)]
  0x000000001b5a8000 JavaThread "jar transforms Thread 175" [_thread_blocked, id=16328, stack(0x0000000027eb0000,0x0000000027fb0000)]
  0x000000001b5a6800 JavaThread "jar transforms Thread 174" [_thread_blocked, id=7256, stack(0x0000000027db0000,0x0000000027eb0000)]
  0x000000001b5a5000 JavaThread "jar transforms Thread 173" [_thread_blocked, id=20828, stack(0x0000000027cb0000,0x0000000027db0000)]
  0x000000001b5a5800 JavaThread "jar transforms Thread 172" [_thread_blocked, id=7792, stack(0x0000000027bb0000,0x0000000027cb0000)]
  0x000000001b5aa000 JavaThread "jar transforms Thread 171" [_thread_blocked, id=2604, stack(0x0000000027ab0000,0x0000000027bb0000)]
  0x000000001b5a4000 JavaThread "jar transforms Thread 170" [_thread_blocked, id=18192, stack(0x00000000279b0000,0x0000000027ab0000)]
  0x000000001b5a8800 JavaThread "jar transforms Thread 169" [_thread_blocked, id=30936, stack(0x00000000278b0000,0x00000000279b0000)]
  0x000000001b5a7000 JavaThread "jar transforms Thread 168" [_thread_blocked, id=28992, stack(0x00000000277b0000,0x00000000278b0000)]
  0x000000001b59b800 JavaThread "jar transforms Thread 167" [_thread_blocked, id=23104, stack(0x00000000276b0000,0x00000000277b0000)]
  0x000000001b5a2800 JavaThread "jar transforms Thread 166" [_thread_blocked, id=3468, stack(0x00000000275b0000,0x00000000276b0000)]
  0x000000001b59e800 JavaThread "jar transforms Thread 165" [_thread_blocked, id=18340, stack(0x00000000274b0000,0x00000000275b0000)]
  0x000000001b5a1800 JavaThread "jar transforms Thread 164" [_thread_blocked, id=18216, stack(0x00000000273b0000,0x00000000274b0000)]
  0x000000001b59f800 JavaThread "jar transforms Thread 163" [_thread_blocked, id=22004, stack(0x00000000272b0000,0x00000000273b0000)]
  0x000000001b59c800 JavaThread "jar transforms Thread 162" [_thread_blocked, id=9224, stack(0x00000000271b0000,0x00000000272b0000)]
  0x000000001b59e000 JavaThread "jar transforms Thread 161" [_thread_blocked, id=12608, stack(0x00000000270b0000,0x00000000271b0000)]
  0x000000001b59d000 JavaThread "jar transforms Thread 160" [_thread_blocked, id=14536, stack(0x0000000026fb0000,0x00000000270b0000)]
  0x000000001b5a1000 JavaThread "jar transforms Thread 159" [_thread_blocked, id=23048, stack(0x0000000026eb0000,0x0000000026fb0000)]
  0x000000001b5a0000 JavaThread "jar transforms Thread 158" [_thread_blocked, id=2716, stack(0x0000000026db0000,0x0000000026eb0000)]
  0x000000001b014000 JavaThread "jar transforms Thread 157" [_thread_blocked, id=17360, stack(0x0000000026cb0000,0x0000000026db0000)]
  0x000000001b013000 JavaThread "jar transforms Thread 156" [_thread_blocked, id=1016, stack(0x0000000026bb0000,0x0000000026cb0000)]
  0x000000001b017000 JavaThread "jar transforms Thread 155" [_thread_blocked, id=24724, stack(0x0000000026ab0000,0x0000000026bb0000)]
  0x000000001b01a000 JavaThread "jar transforms Thread 154" [_thread_blocked, id=31540, stack(0x00000000269b0000,0x0000000026ab0000)]
  0x000000001b016000 JavaThread "jar transforms Thread 153" [_thread_blocked, id=27748, stack(0x00000000268b0000,0x00000000269b0000)]
  0x000000001b015800 JavaThread "jar transforms Thread 152" [_thread_blocked, id=31512, stack(0x00000000267b0000,0x00000000268b0000)]
  0x000000001b018800 JavaThread "jar transforms Thread 151" [_thread_blocked, id=24932, stack(0x00000000266b0000,0x00000000267b0000)]
  0x000000001b019000 JavaThread "jar transforms Thread 150" [_thread_blocked, id=20068, stack(0x00000000265b0000,0x00000000266b0000)]
  0x000000001b017800 JavaThread "jar transforms Thread 149" [_thread_blocked, id=10596, stack(0x00000000264b0000,0x00000000265b0000)]
  0x000000001b014800 JavaThread "jar transforms Thread 148" [_thread_blocked, id=24648, stack(0x00000000263b0000,0x00000000264b0000)]
  0x000000002aa2f800 JavaThread "jar transforms Thread 147" [_thread_blocked, id=3584, stack(0x00000000262b0000,0x00000000263b0000)]
  0x000000002aa32800 JavaThread "jar transforms Thread 146" [_thread_blocked, id=26548, stack(0x00000000261b0000,0x00000000262b0000)]
  0x000000002aa2e000 JavaThread "jar transforms Thread 145" [_thread_blocked, id=28824, stack(0x00000000260b0000,0x00000000261b0000)]
  0x000000002aa31000 JavaThread "jar transforms Thread 144" [_thread_blocked, id=9244, stack(0x0000000025fb0000,0x00000000260b0000)]
  0x000000002aa32000 JavaThread "jar transforms Thread 143" [_thread_blocked, id=20160, stack(0x0000000025eb0000,0x0000000025fb0000)]
  0x000000002aa30800 JavaThread "jar transforms Thread 142" [_thread_blocked, id=7016, stack(0x0000000025db0000,0x0000000025eb0000)]
  0x000000002aa2f000 JavaThread "jar transforms Thread 141" [_thread_blocked, id=23912, stack(0x0000000025cb0000,0x0000000025db0000)]
  0x000000002aa2d000 JavaThread "jar transforms Thread 140" [_thread_blocked, id=28928, stack(0x0000000025bb0000,0x0000000025cb0000)]
  0x000000002aa25800 JavaThread "jar transforms Thread 139" [_thread_blocked, id=18640, stack(0x0000000025ab0000,0x0000000025bb0000)]
  0x000000002aa2c800 JavaThread "jar transforms Thread 138" [_thread_blocked, id=21648, stack(0x00000000259b0000,0x0000000025ab0000)]
  0x000000002aa25000 JavaThread "jar transforms Thread 137" [_thread_blocked, id=11844, stack(0x00000000258b0000,0x00000000259b0000)]
  0x000000002aa26800 JavaThread "jar transforms Thread 136" [_thread_blocked, id=26584, stack(0x00000000257b0000,0x00000000258b0000)]
  0x000000002aa2b800 JavaThread "jar transforms Thread 135" [_thread_blocked, id=10848, stack(0x00000000256b0000,0x00000000257b0000)]
  0x000000002aa24000 JavaThread "jar transforms Thread 134" [_thread_blocked, id=17240, stack(0x00000000255b0000,0x00000000256b0000)]
  0x000000002aa28000 JavaThread "jar transforms Thread 133" [_thread_blocked, id=8632, stack(0x00000000254b0000,0x00000000255b0000)]
  0x000000002aa2b000 JavaThread "jar transforms Thread 132" [_thread_blocked, id=16312, stack(0x00000000253b0000,0x00000000254b0000)]
  0x000000002aa28800 JavaThread "jar transforms Thread 131" [_thread_blocked, id=30252, stack(0x00000000252b0000,0x00000000253b0000)]
  0x000000002aa27000 JavaThread "jar transforms Thread 130" [_thread_blocked, id=27176, stack(0x00000000251b0000,0x00000000252b0000)]
  0x000000002aa2a000 JavaThread "jar transforms Thread 129" [_thread_blocked, id=7028, stack(0x00000000250b0000,0x00000000251b0000)]
  0x000000002aa23800 JavaThread "jar transforms Thread 128" [_thread_blocked, id=13628, stack(0x0000000024fb0000,0x00000000250b0000)]
  0x000000002aa29800 JavaThread "jar transforms Thread 127" [_thread_blocked, id=12396, stack(0x0000000024eb0000,0x0000000024fb0000)]
  0x000000001b0dd800 JavaThread "jar transforms Thread 126" [_thread_blocked, id=3656, stack(0x0000000024db0000,0x0000000024eb0000)]
  0x000000001b0de000 JavaThread "jar transforms Thread 125" [_thread_blocked, id=20704, stack(0x0000000024cb0000,0x0000000024db0000)]
  0x000000001b0db000 JavaThread "jar transforms Thread 124" [_thread_blocked, id=12720, stack(0x0000000024bb0000,0x0000000024cb0000)]
  0x000000001b0dc000 JavaThread "jar transforms Thread 123" [_thread_blocked, id=26800, stack(0x0000000024ab0000,0x0000000024bb0000)]
  0x000000001b0e0800 JavaThread "jar transforms Thread 122" [_thread_blocked, id=12408, stack(0x00000000249b0000,0x0000000024ab0000)]
  0x000000001b3a0800 JavaThread "jar transforms Thread 121" [_thread_blocked, id=24020, stack(0x00000000248b0000,0x00000000249b0000)]
  0x000000001b39f000 JavaThread "jar transforms Thread 120" [_thread_blocked, id=16876, stack(0x00000000247b0000,0x00000000248b0000)]
  0x000000001b39d800 JavaThread "jar transforms Thread 119" [_thread_blocked, id=17588, stack(0x00000000246b0000,0x00000000247b0000)]
  0x000000001b3a4800 JavaThread "jar transforms Thread 118" [_thread_blocked, id=17612, stack(0x00000000245b0000,0x00000000246b0000)]
  0x000000001b3a3800 JavaThread "jar transforms Thread 117" [_thread_blocked, id=13804, stack(0x00000000244b0000,0x00000000245b0000)]
  0x000000001b39f800 JavaThread "jar transforms Thread 116" [_thread_blocked, id=22180, stack(0x00000000243b0000,0x00000000244b0000)]
  0x000000002085e000 JavaThread "jar transforms Thread 115" [_thread_blocked, id=3332, stack(0x00000000242b0000,0x00000000243b0000)]
  0x000000002085c800 JavaThread "jar transforms Thread 114" [_thread_blocked, id=10352, stack(0x00000000241b0000,0x00000000242b0000)]
  0x000000002085b800 JavaThread "jar transforms Thread 113" [_thread_blocked, id=11044, stack(0x00000000240b0000,0x00000000241b0000)]
  0x0000000020862800 JavaThread "jar transforms Thread 112" [_thread_blocked, id=21124, stack(0x0000000023fb0000,0x00000000240b0000)]
  0x000000002085d000 JavaThread "jar transforms Thread 111" [_thread_blocked, id=14476, stack(0x0000000023eb0000,0x0000000023fb0000)]
  0x0000000020861800 JavaThread "jar transforms Thread 110" [_thread_blocked, id=3196, stack(0x0000000023db0000,0x0000000023eb0000)]
  0x0000000020861000 JavaThread "jar transforms Thread 109" [_thread_blocked, id=15804, stack(0x0000000023cb0000,0x0000000023db0000)]
  0x0000000020860000 JavaThread "jar transforms Thread 108" [_thread_blocked, id=9872, stack(0x0000000023bb0000,0x0000000023cb0000)]
  0x000000002085e800 JavaThread "jar transforms Thread 107" [_thread_blocked, id=16548, stack(0x0000000023ab0000,0x0000000023bb0000)]
  0x000000001f2d6800 JavaThread "jar transforms Thread 106" [_thread_blocked, id=24804, stack(0x00000000239b0000,0x0000000023ab0000)]
  0x000000001f2d6000 JavaThread "jar transforms Thread 105" [_thread_blocked, id=12976, stack(0x00000000238b0000,0x00000000239b0000)]
  0x000000001f2d5000 JavaThread "jar transforms Thread 104" [_thread_blocked, id=24012, stack(0x00000000237b0000,0x00000000238b0000)]
  0x000000001f2d4800 JavaThread "jar transforms Thread 103" [_thread_blocked, id=12360, stack(0x00000000236b0000,0x00000000237b0000)]
  0x000000001f2d8000 JavaThread "jar transforms Thread 102" [_thread_blocked, id=1292, stack(0x00000000235b0000,0x00000000236b0000)]
  0x000000001f2d3800 JavaThread "jar transforms Thread 101" [_thread_blocked, id=20196, stack(0x00000000234b0000,0x00000000235b0000)]
  0x000000001f2cb800 JavaThread "jar transforms Thread 100" [_thread_blocked, id=31456, stack(0x00000000233b0000,0x00000000234b0000)]
  0x000000001f2d2000 JavaThread "jar transforms Thread 99" [_thread_blocked, id=19004, stack(0x00000000232b0000,0x00000000233b0000)]
  0x000000001f2ca000 JavaThread "jar transforms Thread 98" [_thread_blocked, id=29600, stack(0x00000000231b0000,0x00000000232b0000)]
  0x000000001f2c9000 JavaThread "jar transforms Thread 97" [_thread_blocked, id=15412, stack(0x00000000230b0000,0x00000000231b0000)]
  0x000000001f2ca800 JavaThread "jar transforms Thread 96" [_thread_blocked, id=31268, stack(0x0000000022fb0000,0x00000000230b0000)]
  0x000000001f2d0000 JavaThread "jar transforms Thread 95" [_thread_blocked, id=25096, stack(0x0000000022eb0000,0x0000000022fb0000)]
  0x000000001f2cf000 JavaThread "jar transforms Thread 94" [_thread_blocked, id=26436, stack(0x0000000022db0000,0x0000000022eb0000)]
  0x000000001f2ce800 JavaThread "jar transforms Thread 93" [_thread_blocked, id=26840, stack(0x0000000022cb0000,0x0000000022db0000)]
  0x000000001f2cd800 JavaThread "Build operations Thread 8" [_thread_blocked, id=12352, stack(0x0000000022bb0000,0x0000000022cb0000)]
  0x000000001f2cd000 JavaThread "Build operations Thread 7" [_thread_blocked, id=16100, stack(0x0000000022ab0000,0x0000000022bb0000)]
  0x000000002ac2d000 JavaThread "Build operations Thread 6" [_thread_blocked, id=16500, stack(0x00000000229b0000,0x0000000022ab0000)]
  0x000000002ac31800 JavaThread "Build operations Thread 5" [_thread_blocked, id=8328, stack(0x00000000228b0000,0x00000000229b0000)]
  0x000000002ac2c800 JavaThread "Build operations Thread 4" [_thread_blocked, id=29348, stack(0x00000000220b0000,0x00000000221b0000)]
  0x000000002ac2f800 JavaThread "Build operations Thread 3" [_thread_blocked, id=6400, stack(0x0000000021260000,0x0000000021360000)]
  0x000000002ac31000 JavaThread "Build operations Thread 2" [_thread_blocked, id=8404, stack(0x000000001ef80000,0x000000001f080000)]
  0x000000002ac30000 JavaThread "Build operations" [_thread_blocked, id=6932, stack(0x000000001e980000,0x000000001ea80000)]
  0x000000002ac2e000 JavaThread "Cache worker for cache directory md-rule (C:\Users\laksh\.gradle\caches\6.5\md-rule)" [_thread_blocked, id=19076, stack(0x000000001e880000,0x000000001e980000)]
  0x000000002ac2b800 JavaThread "Cache worker for cache directory md-supplier (C:\Users\laksh\.gradle\caches\6.5\md-supplier)" [_thread_blocked, id=8688, stack(0x000000001e780000,0x000000001e880000)]
  0x000000002ac28000 JavaThread "Cache worker for checksums cache (C:\Users\laksh\AndroidStudioProjects\onAIR\.gradle\checksums)" [_thread_blocked, id=19800, stack(0x000000001e680000,0x000000001e780000)]
  0x000000002ac2e800 JavaThread "Cache worker for file hash cache (C:\Users\laksh\AndroidStudioProjects\onAIR\.gradle\6.5\fileHashes)" [_thread_blocked, id=13812, stack(0x000000001e480000,0x000000001e580000)]
  0x000000002ac2b000 JavaThread "Thread-146" [_thread_blocked, id=14372, stack(0x000000001e380000,0x000000001e480000)]
  0x000000002ac2a000 JavaThread "Stdin handler" [_thread_blocked, id=8700, stack(0x000000001e280000,0x000000001e380000)]
  0x000000002ac22800 JavaThread "Asynchronous log dispatcher for DefaultDaemonConnection: socket connection from /127.0.0.1:51869 to /127.0.0.1:52124" [_thread_blocked, id=23648, stack(0x000000001dc40000,0x000000001dd40000)]
  0x000000002ac26800 JavaThread "Daemon worker Thread 2" [_thread_blocked, id=14368, stack(0x000000001db40000,0x000000001dc40000)]
  0x000000002ac25800 JavaThread "Cancel handler" [_thread_blocked, id=19580, stack(0x0000000001340000,0x0000000001440000)]
  0x000000002ac27000 JavaThread "Handler for socket connection from /127.0.0.1:51869 to /127.0.0.1:52124" [_thread_in_native, id=21456, stack(0x0000000001240000,0x0000000001340000)]
  0x000000002ac24000 JavaThread "Daemon Thread 2" [_thread_blocked, id=11452, stack(0x0000000001140000,0x0000000001240000)]
  0x000000001f2cc000 JavaThread "Cache worker for Java compile cache (C:\Users\laksh\.gradle\caches\6.5\javaCompile)" [_thread_blocked, id=24676, stack(0x000000002f080000,0x000000002f180000)]
  0x000000002085f800 JavaThread "Memory manager" [_thread_blocked, id=17108, stack(0x00000000294b0000,0x00000000295b0000)]
  0x000000001b0df000 JavaThread "Cache worker for file content cache (C:\Users\laksh\.gradle\caches\6.5\fileContent)" [_thread_blocked, id=27640, stack(0x00000000221b0000,0x00000000222b0000)]
  0x000000001b0dc800 JavaThread "Cache worker for execution history cache (C:\Users\laksh\.gradle\caches\6.5\executionHistory)" [_thread_blocked, id=20820, stack(0x00000000219b0000,0x0000000021ab0000)]
  0x000000001b0e1000 JavaThread "Cache worker for file hash cache (C:\Users\laksh\.gradle\caches\6.5\fileHashes)" [_thread_blocked, id=13300, stack(0x000000001ee80000,0x000000001ef80000)]
  0x000000001b0da800 JavaThread "File lock request listener" [_thread_in_native, id=17456, stack(0x000000001ed80000,0x000000001ee80000)]
  0x000000001b6e5000 JavaThread "Cache worker for journal cache (C:\Users\laksh\.gradle\caches\journal-1)" [_thread_blocked, id=12696, stack(0x000000001ec80000,0x000000001ed80000)]
  0x000000001c5c2800 JavaThread "Daemon periodic checks" [_thread_blocked, id=23556, stack(0x000000001df80000,0x000000001e080000)]
  0x000000001c5c0800 JavaThread "Incoming local TCP Connector on port 51869" [_thread_in_native, id=28496, stack(0x000000001dd40000,0x000000001de40000)]
  0x000000001c540000 JavaThread "Daemon health stats" [_thread_blocked, id=19500, stack(0x000000001d700000,0x000000001d800000)]
  0x0000000019f17000 JavaThread "Service Thread" daemon [_thread_blocked, id=28628, stack(0x000000001ab60000,0x000000001ac60000)]
  0x0000000019ea4000 JavaThread "C1 CompilerThread3" daemon [_thread_in_native, id=10532, stack(0x000000001aa60000,0x000000001ab60000)]
=>0x0000000019e9e000 JavaThread "C2 CompilerThread2" daemon [_thread_in_native, id=22660, stack(0x000000001a960000,0x000000001aa60000)]
  0x000000001808e000 JavaThread "C2 CompilerThread1" daemon [_thread_in_native, id=15300, stack(0x000000001a860000,0x000000001a960000)]
  0x0000000018089000 JavaThread "C2 CompilerThread0" daemon [_thread_in_native, id=13760, stack(0x000000001a760000,0x000000001a860000)]
  0x0000000019e90800 JavaThread "Attach Listener" daemon [_thread_blocked, id=2176, stack(0x000000001a660000,0x000000001a760000)]
  0x0000000019e8f800 JavaThread "Signal Dispatcher" daemon [_thread_blocked, id=16620, stack(0x000000001a560000,0x000000001a660000)]
  0x000000000300d800 JavaThread "Finalizer" daemon [_thread_blocked, id=27304, stack(0x000000001a360000,0x000000001a460000)]
  0x0000000003007000 JavaThread "Reference Handler" daemon [_thread_blocked, id=1392, stack(0x000000001a260000,0x000000001a360000)]
  0x0000000002d2e800 JavaThread "main" [_thread_blocked, id=2396, stack(0x0000000002e10000,0x0000000002f10000)]

Other Threads:
  0x0000000018076000 VMThread [stack: 0x0000000019d60000,0x0000000019e60000] [id=14068]
  0x0000000019f18000 WatcherThread [stack: 0x000000001ac60000,0x000000001ad60000] [id=9184]

VM state:synchronizing (normal execution)

VM Mutex/Monitor currently owned by a thread:  ([mutex/lock_event])
[0x0000000002d2dcf0] Safepoint_lock - owner thread: 0x0000000018076000
[0x0000000002d2d7f0] Threads_lock - owner thread: 0x0000000018076000
[0x0000000002f10c50] CompiledIC_lock - owner thread: 0x000000001b3c2000

heap address: 0x0000000080000000, size: 2048 MB, Compressed Oops mode: 32-bit
Narrow klass base: 0x0000000000000000, Narrow klass shift: 3
Compressed class space size: 1073741824 Address: 0x0000000100000000

Heap:
 PSYoungGen      total 278528K, used 54709K [0x00000000d5580000, 0x00000000eb180000, 0x0000000100000000)
  eden space 249344K, 10% used [0x00000000d5580000,0x00000000d6e6ee58,0x00000000e4900000)
  from space 29184K, 99% used [0x00000000e4900000,0x00000000e657e8b8,0x00000000e6580000)
  to   space 41472K, 0% used [0x00000000e8900000,0x00000000e8900000,0x00000000eb180000)
 ParOldGen       total 98304K, used 58643K [0x0000000080000000, 0x0000000086000000, 0x00000000d5580000)
  object space 98304K, 59% used [0x0000000080000000,0x0000000083944dc8,0x0000000086000000)
 Metaspace       used 89356K, capacity 94500K, committed 94744K, reserved 1130496K
  class space    used 11919K, capacity 12834K, committed 12848K, reserved 1048576K

Card table byte_map: [0x00000000123d0000,0x00000000127e0000] byte_map_base: 0x0000000011fd0000

Marking Bits: (ParMarkBitMap*) 0x0000000059dcf030
 Begin Bits: [0x0000000013290000, 0x0000000015290000)
 End Bits:   [0x0000000015290000, 0x0000000017290000)

Polling page: 0x00000000014d0000

CodeCache: size=245760Kb used=38550Kb max_used=38550Kb free=207209Kb
 bounds [0x0000000003010000, 0x00000000055f0000, 0x0000000012010000]
 total_blobs=12847 nmethods=11987 adapters=772
 compilation: enabled

Compilation events (10 events):
Event: 404.247 Thread 0x0000000019ea4000 nmethod 14095 0x00000000055d0710 code [0x00000000055d08a0, 0x00000000055d0c78]
Event: 404.247 Thread 0x0000000019ea4000 14054       3       com.android.tools.r8.s.a.p.u::a (59 bytes)
Event: 404.248 Thread 0x0000000019ea4000 nmethod 14054 0x00000000055d0d90 code [0x00000000055d0f40, 0x00000000055d1368]
Event: 404.248 Thread 0x0000000019ea4000 14099       3       com.android.tools.r8.ir.regalloc.h::a (43 bytes)
Event: 404.248 Thread 0x0000000019ea4000 nmethod 14099 0x00000000055d1650 code [0x00000000055d17c0, 0x00000000055d1990]
Event: 404.248 Thread 0x0000000019ea4000 14101       3       com.android.tools.r8.ir.regalloc.a::a (55 bytes)
Event: 404.250 Thread 0x0000000019ea4000 nmethod 14101 0x00000000055d1a50 code [0x00000000055d1c20, 0x00000000055d23b8]
Event: 404.250 Thread 0x0000000019ea4000 14106       1       com.android.tools.r8.s.a.p.l::b (4 bytes)
Event: 404.250 Thread 0x0000000019ea4000 nmethod 14106 0x00000000055d28d0 code [0x00000000055d2a20, 0x00000000055d2b10]
Event: 404.250 Thread 0x0000000019ea4000 14105       3       com.android.tools.r8.ir.regalloc.h::a (122 bytes)

GC Heap History (10 events):
Event: 11.003 GC heap before
{Heap before GC invocations=16 (full 3):
 PSYoungGen      total 196096K, used 3667K [0x00000000d5580000, 0x00000000e6080000, 0x0000000100000000)
  eden space 176640K, 0% used [0x00000000d5580000,0x00000000d5580000,0x00000000e0200000)
  from space 19456K, 18% used [0x00000000e0200000,0x00000000e0594e70,0x00000000e1500000)
  to   space 18944K, 0% used [0x00000000e4e00000,0x00000000e4e00000,0x00000000e6080000)
 ParOldGen       total 61952K, used 35866K [0x0000000080000000, 0x0000000083c80000, 0x00000000d5580000)
  object space 61952K, 57% used [0x0000000080000000,0x0000000082306ab8,0x0000000083c80000)
 Metaspace       used 56730K, capacity 59042K, committed 59160K, reserved 1099776K
  class space    used 7768K, capacity 8216K, committed 8240K, reserved 1048576K
Event: 11.302 GC heap after
Heap after GC invocations=16 (full 3):
 PSYoungGen      total 196096K, used 0K [0x00000000d5580000, 0x00000000e6080000, 0x0000000100000000)
  eden space 176640K, 0% used [0x00000000d5580000,0x00000000d5580000,0x00000000e0200000)
  from space 19456K, 0% used [0x00000000e0200000,0x00000000e0200000,0x00000000e1500000)
  to   space 18944K, 0% used [0x00000000e4e00000,0x00000000e4e00000,0x00000000e6080000)
 ParOldGen       total 98304K, used 30987K [0x0000000080000000, 0x0000000086000000, 0x00000000d5580000)
  object space 98304K, 31% used [0x0000000080000000,0x0000000081e42cc8,0x0000000086000000)
 Metaspace       used 56689K, capacity 58904K, committed 59160K, reserved 1099776K
  class space    used 7756K, capacity 8193K, committed 8240K, reserved 1048576K
}
Event: 15.754 GC heap before
{Heap before GC invocations=17 (full 3):
 PSYoungGen      total 196096K, used 176640K [0x00000000d5580000, 0x00000000e6080000, 0x0000000100000000)
  eden space 176640K, 100% used [0x00000000d5580000,0x00000000e0200000,0x00000000e0200000)
  from space 19456K, 0% used [0x00000000e0200000,0x00000000e0200000,0x00000000e1500000)
  to   space 18944K, 0% used [0x00000000e4e00000,0x00000000e4e00000,0x00000000e6080000)
 ParOldGen       total 98304K, used 30987K [0x0000000080000000, 0x0000000086000000, 0x00000000d5580000)
  object space 98304K, 31% used [0x0000000080000000,0x0000000081e42cc8,0x0000000086000000)
 Metaspace       used 64253K, capacity 67410K, committed 67608K, reserved 1107968K
  class space    used 8890K, capacity 9462K, committed 9520K, reserved 1048576K
Event: 15.778 GC heap after
Heap after GC invocations=17 (full 3):
 PSYoungGen      total 233472K, used 17576K [0x00000000d5580000, 0x00000000e5f80000, 0x0000000100000000)
  eden space 215552K, 0% used [0x00000000d5580000,0x00000000d5580000,0x00000000e2800000)
  from space 17920K, 98% used [0x00000000e4e00000,0x00000000e5f2a000,0x00000000e5f80000)
  to   space 21504K, 0% used [0x00000000e3580000,0x00000000e3580000,0x00000000e4a80000)
 ParOldGen       total 98304K, used 30995K [0x0000000080000000, 0x0000000086000000, 0x00000000d5580000)
  object space 98304K, 31% used [0x0000000080000000,0x0000000081e44cc8,0x0000000086000000)
 Metaspace       used 64253K, capacity 67410K, committed 67608K, reserved 1107968K
  class space    used 8890K, capacity 9462K, committed 9520K, reserved 1048576K
}
Event: 26.096 GC heap before
{Heap before GC invocations=18 (full 3):
 PSYoungGen      total 233472K, used 233128K [0x00000000d5580000, 0x00000000e5f80000, 0x0000000100000000)
  eden space 215552K, 100% used [0x00000000d5580000,0x00000000e2800000,0x00000000e2800000)
  from space 17920K, 98% used [0x00000000e4e00000,0x00000000e5f2a000,0x00000000e5f80000)
  to   space 21504K, 0% used [0x00000000e3580000,0x00000000e3580000,0x00000000e4a80000)
 ParOldGen       total 98304K, used 30995K [0x0000000080000000, 0x0000000086000000, 0x00000000d5580000)
  object space 98304K, 31% used [0x0000000080000000,0x0000000081e44cc8,0x0000000086000000)
 Metaspace       used 68597K, capacity 71928K, committed 72088K, reserved 1112064K
  class space    used 9409K, capacity 10053K, committed 10160K, reserved 1048576K
Event: 26.123 GC heap after
Heap after GC invocations=18 (full 3):
 PSYoungGen      total 250880K, used 15356K [0x00000000d5580000, 0x00000000e7b80000, 0x0000000100000000)
  eden space 229376K, 0% used [0x00000000d5580000,0x00000000d5580000,0x00000000e3580000)
  from space 21504K, 71% used [0x00000000e3580000,0x00000000e447f1e0,0x00000000e4a80000)
  to   space 22528K, 0% used [0x00000000e6580000,0x00000000e6580000,0x00000000e7b80000)
 ParOldGen       total 98304K, used 31003K [0x0000000080000000, 0x0000000086000000, 0x00000000d5580000)
  object space 98304K, 31% used [0x0000000080000000,0x0000000081e46cc8,0x0000000086000000)
 Metaspace       used 68597K, capacity 71928K, committed 72088K, reserved 1112064K
  class space    used 9409K, capacity 10053K, committed 10160K, reserved 1048576K
}
Event: 34.630 GC heap before
{Heap before GC invocations=19 (full 3):
 PSYoungGen      total 250880K, used 244732K [0x00000000d5580000, 0x00000000e7b80000, 0x0000000100000000)
  eden space 229376K, 100% used [0x00000000d5580000,0x00000000e3580000,0x00000000e3580000)
  from space 21504K, 71% used [0x00000000e3580000,0x00000000e447f1e0,0x00000000e4a80000)
  to   space 22528K, 0% used [0x00000000e6580000,0x00000000e6580000,0x00000000e7b80000)
 ParOldGen       total 98304K, used 31003K [0x0000000080000000, 0x0000000086000000, 0x00000000d5580000)
  object space 98304K, 31% used [0x0000000080000000,0x0000000081e46cc8,0x0000000086000000)
 Metaspace       used 76359K, capacity 80082K, committed 80408K, reserved 1118208K
  class space    used 10309K, capacity 10991K, committed 11056K, reserved 1048576K
Event: 34.710 GC heap after
Heap after GC invocations=19 (full 3):
 PSYoungGen      total 271872K, used 22526K [0x00000000d5580000, 0x00000000e9580000, 0x0000000100000000)
  eden space 249344K, 0% used [0x00000000d5580000,0x00000000d5580000,0x00000000e4900000)
  from space 22528K, 99% used [0x00000000e6580000,0x00000000e7b7f920,0x00000000e7b80000)
  to   space 29184K, 0% used [0x00000000e4900000,0x00000000e4900000,0x00000000e6580000)
 ParOldGen       total 98304K, used 38512K [0x0000000080000000, 0x0000000086000000, 0x00000000d5580000)
  object space 98304K, 39% used [0x0000000080000000,0x000000008259c3d0,0x0000000086000000)
 Metaspace       used 76359K, capacity 80082K, committed 80408K, reserved 1118208K
  class space    used 10309K, capacity 10991K, committed 11056K, reserved 1048576K
}
Event: 403.264 GC heap before
{Heap before GC invocations=20 (full 3):
 PSYoungGen      total 271872K, used 271870K [0x00000000d5580000, 0x00000000e9580000, 0x0000000100000000)
  eden space 249344K, 100% used [0x00000000d5580000,0x00000000e4900000,0x00000000e4900000)
  from space 22528K, 99% used [0x00000000e6580000,0x00000000e7b7f920,0x00000000e7b80000)
  to   space 29184K, 0% used [0x00000000e4900000,0x00000000e4900000,0x00000000e6580000)
 ParOldGen       total 98304K, used 38512K [0x0000000080000000, 0x0000000086000000, 0x00000000d5580000)
  object space 98304K, 39% used [0x0000000080000000,0x000000008259c3d0,0x0000000086000000)
 Metaspace       used 87988K, capacity 93000K, committed 93080K, reserved 1130496K
  class space    used 11744K, capacity 12656K, committed 12720K, reserved 1048576K
Event: 403.604 GC heap after
Heap after GC invocations=20 (full 3):
 PSYoungGen      total 278528K, used 29178K [0x00000000d5580000, 0x00000000eb180000, 0x0000000100000000)
  eden space 249344K, 0% used [0x00000000d5580000,0x00000000d5580000,0x00000000e4900000)
  from space 29184K, 99% used [0x00000000e4900000,0x00000000e657e8b8,0x00000000e6580000)
  to   space 41472K, 0% used [0x00000000e8900000,0x00000000e8900000,0x00000000eb180000)
 ParOldGen       total 98304K, used 58643K [0x0000000080000000, 0x0000000086000000, 0x00000000d5580000)
  object space 98304K, 59% used [0x0000000080000000,0x0000000083944dc8,0x0000000086000000)
 Metaspace       used 87988K, capacity 93000K, committed 93080K, reserved 1130496K
  class space    used 11744K, capacity 12656K, committed 12720K, reserved 1048576K
}

Deoptimization events (10 events):
Event: 402.896 Thread 0x000000001b3be000 Uncommon trap: reason=bimorphic action=maybe_recompile pc=0x0000000005350700 method=com.android.tools.r8.q.a.a.b.O0.hasNext()Z @ 9
Event: 402.897 Thread 0x000000001b3c2000 Uncommon trap: reason=bimorphic action=maybe_recompile pc=0x0000000005350700 method=com.android.tools.r8.q.a.a.b.O0.hasNext()Z @ 9
Event: 402.900 Thread 0x000000001b3c0800 Uncommon trap: reason=bimorphic action=maybe_recompile pc=0x0000000005350700 method=com.android.tools.r8.q.a.a.b.O0.hasNext()Z @ 9
Event: 402.901 Thread 0x000000001b3b9000 Uncommon trap: reason=bimorphic action=maybe_recompile pc=0x0000000005350700 method=com.android.tools.r8.q.a.a.b.O0.hasNext()Z @ 9
Event: 403.605 Thread 0x0000000003007000 Uncommon trap: reason=unstable_if action=reinterpret pc=0x0000000003f1e8fc method=java.lang.ref.Reference.tryHandlePending(Z)Z @ 20
Event: 403.607 Thread 0x000000001b3be000 Uncommon trap: reason=unstable_if action=reinterpret pc=0x000000000396107c method=java.util.concurrent.ConcurrentHashMap.get(Ljava/lang/Object;)Ljava/lang/Object; @ 76
Event: 403.653 Thread 0x000000001b3c2000 Uncommon trap: reason=bimorphic action=maybe_recompile pc=0x00000000053fdae8 method=com.android.tools.r8.q.a.a.b.O0.hasNext()Z @ 9
Event: 403.653 Thread 0x000000001b3c0800 Uncommon trap: reason=bimorphic action=maybe_recompile pc=0x00000000053fdae8 method=com.android.tools.r8.q.a.a.b.O0.hasNext()Z @ 9
Event: 403.653 Thread 0x000000001b3b9000 Uncommon trap: reason=bimorphic action=maybe_recompile pc=0x00000000053fdae8 method=com.android.tools.r8.q.a.a.b.O0.hasNext()Z @ 9
Event: 403.836 Thread 0x000000001b3be000 Uncommon trap: reason=class_check action=maybe_recompile pc=0x000000000548cc0c method=com.android.tools.r8.q.a.a.b.J0.k()Ljava/lang/Object; @ 27

Classes redefined (0 events):
No events

Internal exceptions (10 events):
Event: 401.804 Thread 0x000000001c8a3000 Exception <a 'java/lang/NoSuchMethodError': <clinit>> (0x00000000e17880e0) thrown at [C:\src\AOSP-openjdk-git\hotspot\src\share\vm\prims\jni.cpp, line 1615]
Event: 402.018 Thread 0x000000001b3be000 Exception <a 'sun/nio/fs/WindowsException'> (0x00000000e1f33960) thrown at [C:\src\AOSP-openjdk-git\hotspot\src\share\vm\prims\jni.cpp, line 710]
Event: 402.575 Thread 0x000000001b3be000 Exception <a 'java/lang/IncompatibleClassChangeError': Found class java.lang.Object, but interface was expected> (0x00000000e3522178) thrown at [C:\src\AOSP-openjdk-git\hotspot\src\share\vm\interpreter\linkResolver.cpp, line 653]
Event: 402.575 Thread 0x000000001b3ba800 Exception <a 'java/lang/IncompatibleClassChangeError': Found class java.lang.Object, but interface was expected> (0x00000000e35726f8) thrown at [C:\src\AOSP-openjdk-git\hotspot\src\share\vm\interpreter\linkResolver.cpp, line 653]
Event: 403.178 Thread 0x000000001b3b9000 Exception <a 'java/lang/NoSuchMethodError': java.lang.Object.lambda$maxBy$1(Ljava/util/Comparator;Ljava/lang/Object;Ljava/lang/Object;)Ljava/lang/Object;> (0x00000000e4796650) thrown at [C:\src\AOSP-openjdk-git\hotspot\src\share\vm\interpreter\linkResolve
Event: 403.178 Thread 0x000000001b3be000 Exception <a 'java/lang/NoSuchMethodError': java.lang.Object.lambda$maxBy$1(Ljava/util/Comparator;Ljava/lang/Object;Ljava/lang/Object;)Ljava/lang/Object;> (0x00000000e47552e8) thrown at [C:\src\AOSP-openjdk-git\hotspot\src\share\vm\interpreter\linkResolve
Event: 403.179 Thread 0x000000001b3c0800 Exception <a 'java/lang/NoSuchMethodError': java.lang.Object.lambda$maxBy$1(Ljava/util/Comparator;Ljava/lang/Object;Ljava/lang/Object;)Ljava/lang/Object;> (0x00000000e46fda40) thrown at [C:\src\AOSP-openjdk-git\hotspot\src\share\vm\interpreter\linkResolve
Event: 403.178 Thread 0x000000001b3ba800 Exception <a 'java/lang/NoSuchMethodError': java.lang.Object.lambda$maxBy$1(Ljava/util/Comparator;Ljava/lang/Object;Ljava/lang/Object;)Ljava/lang/Object;> (0x00000000e4733388) thrown at [C:\src\AOSP-openjdk-git\hotspot\src\share\vm\interpreter\linkResolve
Event: 403.178 Thread 0x000000001b3c2000 Exception <a 'java/lang/NoSuchMethodError': java.lang.Object.lambda$maxBy$1(Ljava/util/Comparator;Ljava/lang/Object;Ljava/lang/Object;)Ljava/lang/Object;> (0x00000000e477a568) thrown at [C:\src\AOSP-openjdk-git\hotspot\src\share\vm\interpreter\linkResolve
Event: 403.659 Thread 0x000000001b3be000 Exception <a 'java/lang/NoSuchMethodError': java.lang.Object.b(Lcom/android/tools/r8/graph/p1$b;)Lcom/android/tools/r8/graph/p1$b;> (0x00000000d5b98530) thrown at [C:\src\AOSP-openjdk-git\hotspot\src\share\vm\interpreter\linkResolver.cpp, line 620]

Events (10 events):
Event: 404.247 loading class com/android/tools/r8/graph/J done
Event: 404.247 loading class com/android/tools/r8/graph/J
Event: 404.247 loading class com/android/tools/r8/graph/J done
Event: 404.247 loading class com/android/tools/r8/graph/J
Event: 404.247 loading class com/android/tools/r8/graph/J done
Event: 404.248 loading class java/util/stream/Nodes$SpinedNodeBuilder
Event: 404.249 loading class java/util/stream/Nodes$SpinedNodeBuilder done
Event: 404.249 loading class com/android/tools/r8/graph/J$h
Event: 404.249 loading class com/android/tools/r8/graph/J$h done
Event: 404.251 loading class com/android/tools/r8/graph/f0


Dynamic libraries:
0x00007ff671d20000 - 0x00007ff671d51000 	C:\Program Files\Android\Android Studio\jre\bin\java.exe
0x00007ff8f1890000 - 0x00007ff8f1a85000 	C:\WINDOWS\SYSTEM32\ntdll.dll
0x00007ff8efe70000 - 0x00007ff8eff2d000 	C:\WINDOWS\System32\KERNEL32.DLL
0x00007ff8ef170000 - 0x00007ff8ef438000 	C:\WINDOWS\System32\KERNELBASE.dll
0x00007ff8efdc0000 - 0x00007ff8efe6c000 	C:\WINDOWS\System32\ADVAPI32.dll
0x00007ff8f1060000 - 0x00007ff8f10fe000 	C:\WINDOWS\System32\msvcrt.dll
0x00007ff8f0ca0000 - 0x00007ff8f0d3b000 	C:\WINDOWS\System32\sechost.dll
0x00007ff8f0950000 - 0x00007ff8f0a7b000 	C:\WINDOWS\System32\RPCRT4.dll
0x00007ff8f0180000 - 0x00007ff8f0320000 	C:\WINDOWS\System32\USER32.dll
0x00007ff8ef570000 - 0x00007ff8ef592000 	C:\WINDOWS\System32\win32u.dll
0x00007ff8f0a80000 - 0x00007ff8f0aaa000 	C:\WINDOWS\System32\GDI32.dll
0x00007ff8ef7e0000 - 0x00007ff8ef8eb000 	C:\WINDOWS\System32\gdi32full.dll
0x00007ff8eefd0000 - 0x00007ff8ef06d000 	C:\WINDOWS\System32\msvcp_win.dll
0x00007ff8ef070000 - 0x00007ff8ef170000 	C:\WINDOWS\System32\ucrtbase.dll
0x00007ff8dc710000 - 0x00007ff8dc9aa000 	C:\WINDOWS\WinSxS\amd64_microsoft.windows.common-controls_6595b64144ccf1df_6.0.19041.844_none_ca00b6081b84eb1d\COMCTL32.dll
0x00007ff8efd90000 - 0x00007ff8efdc0000 	C:\WINDOWS\System32\IMM32.DLL
0x0000000059230000 - 0x0000000059302000 	C:\Program Files\Android\Android Studio\jre\jre\bin\msvcr100.dll
0x0000000059600000 - 0x0000000059e4b000 	C:\Program Files\Android\Android Studio\jre\jre\bin\server\jvm.dll
0x00007ff8f0810000 - 0x00007ff8f0818000 	C:\WINDOWS\System32\PSAPI.DLL
0x00007ff8e7a20000 - 0x00007ff8e7a2a000 	C:\WINDOWS\SYSTEM32\VERSION.dll
0x00007ff8e4ac0000 - 0x00007ff8e4ae7000 	C:\WINDOWS\SYSTEM32\WINMM.dll
0x00007ff8ec2a0000 - 0x00007ff8ec2a9000 	C:\WINDOWS\SYSTEM32\WSOCK32.dll
0x00007ff8effb0000 - 0x00007ff8f001b000 	C:\WINDOWS\System32\WS2_32.dll
0x00007ff8e9930000 - 0x00007ff8e993f000 	C:\Program Files\Android\Android Studio\jre\jre\bin\verify.dll
0x00007ff8d2940000 - 0x00007ff8d2969000 	C:\Program Files\Android\Android Studio\jre\jre\bin\java.dll
0x00007ff8e7780000 - 0x00007ff8e7796000 	C:\Program Files\Android\Android Studio\jre\jre\bin\zip.dll
0x00007ff8f1100000 - 0x00007ff8f1842000 	C:\WINDOWS\System32\SHELL32.dll
0x00007ff8ed0e0000 - 0x00007ff8ed870000 	C:\WINDOWS\SYSTEM32\windows.storage.dll
0x00007ff8f03d0000 - 0x00007ff8f0725000 	C:\WINDOWS\System32\combase.dll
0x00007ff8ee970000 - 0x00007ff8ee99c000 	C:\WINDOWS\SYSTEM32\Wldp.dll
0x00007ff8f0320000 - 0x00007ff8f03ce000 	C:\WINDOWS\System32\SHCORE.dll
0x00007ff8f0080000 - 0x00007ff8f00d5000 	C:\WINDOWS\System32\shlwapi.dll
0x00007ff8eef10000 - 0x00007ff8eef2f000 	C:\WINDOWS\SYSTEM32\profapi.dll
0x00007ff8e73f0000 - 0x00007ff8e740a000 	C:\Program Files\Android\Android Studio\jre\jre\bin\net.dll
0x00007ff8ee690000 - 0x00007ff8ee6fa000 	C:\WINDOWS\system32\mswsock.dll
0x00007ff8e06e0000 - 0x00007ff8e06f3000 	C:\Program Files\Android\Android Studio\jre\jre\bin\nio.dll
0x00007ff8dabb0000 - 0x00007ff8dabd7000 	C:\Users\laksh\.gradle\native\f6784746aeab05261644944871eae4fe03e0ef1612fff0a4a95f87b438bc6780\windows-amd64\native-platform.dll
0x00007ff8e2b40000 - 0x00007ff8e2b4d000 	C:\Program Files\Android\Android Studio\jre\jre\bin\management.dll
0x00007ff8ee850000 - 0x00007ff8ee868000 	C:\WINDOWS\SYSTEM32\CRYPTSP.dll
0x00007ff8ee040000 - 0x00007ff8ee074000 	C:\WINDOWS\system32\rsaenh.dll
0x00007ff8ef5a0000 - 0x00007ff8ef5c7000 	C:\WINDOWS\System32\bcrypt.dll
0x00007ff8eeed0000 - 0x00007ff8eeefe000 	C:\WINDOWS\SYSTEM32\USERENV.dll
0x00007ff8ef490000 - 0x00007ff8ef510000 	C:\WINDOWS\System32\bcryptprimitives.dll
0x00007ff8ee840000 - 0x00007ff8ee84c000 	C:\WINDOWS\SYSTEM32\CRYPTBASE.dll
0x00007ff8ee390000 - 0x00007ff8ee3cb000 	C:\WINDOWS\SYSTEM32\IPHLPAPI.DLL
0x00007ff8efd60000 - 0x00007ff8efd68000 	C:\WINDOWS\System32\NSI.dll
0x00007ff8e71e0000 - 0x00007ff8e71f7000 	C:\WINDOWS\SYSTEM32\dhcpcsvc6.DLL
0x00007ff8e7a50000 - 0x00007ff8e7a6d000 	C:\WINDOWS\SYSTEM32\dhcpcsvc.DLL
0x00007ff8ee3d0000 - 0x00007ff8ee49c000 	C:\WINDOWS\SYSTEM32\DNSAPI.dll
0x00007ff8e7a70000 - 0x00007ff8e7a7b000 	C:\WINDOWS\SYSTEM32\WINNSI.DLL

VM Arguments:
jvm_args: -Xmx2048m -Dfile.encoding=UTF-8 -Duser.country=IN -Duser.language=en -Duser.variant 
java_command: org.gradle.launcher.daemon.bootstrap.GradleDaemon 6.5
java_class_path (initial): C:\Users\laksh\.gradle\wrapper\dists\gradle-6.5-bin\6nifqtx7604sqp1q6g8wikw7p\gradle-6.5\lib\gradle-launcher-6.5.jar
Launcher Type: SUN_STANDARD

Environment Variables:
CLASSPATH=.;C:\Program Files (x86)\QuickTime\QTSystem\QTJava.zip
PATH=C:\Python39\Scripts\;C:\Python39\;C:\Program Files (x86)\Common Files\Intel\Shared Libraries\redist\intel64\compiler;C:\Program Files\Common Files\Oracle\Java\javapath;C:\WINDOWS\system32;C:\WINDOWS;C:\WINDOWS\System32\Wbem;C:\WINDOWS\System32\WindowsPowerShell\v1.0\;C:\WINDOWS\System32\OpenSSH\;C:\Program Files (x86)\QuickTime\QTSystem\;C:\xampp\php;C:\ProgramData\ComposerSetup\bin;C:\Program Files\nodejs\;C:\ProgramData\chocolatey\bin;C:\Program Files\Docker\Docker\resources\bin;C:\ProgramData\DockerDesktop\version-bin;C:\Program Files\Git\cmd;C:\Users\laksh\AppData\Local\Microsoft\WindowsApps;C:\flutter\bin;C:\Users\laksh\AppData\Local\Programs\Microsoft VS Code\bin;C:\Users\laksh\AppData\Roaming\Composer\vendor\bin;C:\Users\laksh\AppData\Roaming\npm;C:\Python39\Lib\site-packages\instaloader;C:\xampp\mysql\bin;C:\Python39;
USERNAME=laksh
OS=Windows_NT
PROCESSOR_IDENTIFIER=AMD64 Family 23 Model 24 Stepping 1, AuthenticAMD



---------------  S Y S T E M  ---------------

OS: Windows 10.0 , 64 bit Build 19041 (10.0.19041.928)

CPU:total 8 (initial active 8) (8 cores per cpu, 1 threads per core) family 23 model 24 stepping 1, cmov, cx8, fxsr, mmx, sse, sse2, sse3, ssse3, sse4.1, sse4.2, popcnt, avx, avx2, aes, clmul, mmxext, 3dnowpref, lzcnt, sse4a, tsc, tscinvbit, tscinv, bmi1

Memory: 4k page, physical 6237812k(360364k free), swap 25112180k(3208k free)

vm_info: OpenJDK 64-Bit Server VM (25.242-b01) for windows-amd64 JRE (1.8.0_242-release-1644-b01), built by "builder" with MS VC++ 10.0 (VS2010)

time: Thu May 27 19:50:39 2021
timezone: India Standard Time
elapsed time: 404 seconds (0d 0h 6m 44s)

